2025-03-13 11:36:04.613 +05:30 [Error] Value cannot be null. (Parameter 'path1')
System.ArgumentNullException: Value cannot be null. (Parameter 'path1')
   at System.IO.Path.Combine(String path1, String path2)
   at Prorigo.Plm.DataMigration.IO.TypeDataFileWriter.set_TypeName(String value) in D:\DataMigrationProject\OTIS_Transformation\Prorigo.DataMigration.Transformation\Prorigo.Plm.DataMigration.IO\TypeDataFileWriter.cs:line 36
   at Prorigo.Plm.DataMigration.OtisDataTransformer.OtisParameterTransformer.DefaultValueAdder(String transformName) in D:\DataMigrationProject\OTIS_Transformation\Prorigo.DataMigration.Transformation\Prorigo.DataMigrationTransformation.OTIS\OtisParameterTransformer.cs:line 63
   at Prorigo.Plm.DataMigration.OtisDataTransformer.OtisParameterTransformer.Transform() in D:\DataMigrationProject\OTIS_Transformation\Prorigo.DataMigration.Transformation\Prorigo.DataMigrationTransformation.OTIS\OtisParameterTransformer.cs:line 52
   at Prorigo.DataMigrationTransformation.OTIS.Program.<>c.<<Main>b__0_0>d.MoveNext() in D:\DataMigrationProject\OTIS_Transformation\Prorigo.DataMigration.Transformation\Prorigo.DataMigrationTransformation.OTIS\Program.cs:line 57
2025-03-13 11:38:11.510 +05:30 [Error] Value cannot be null. (Parameter 'path1')
System.ArgumentNullException: Value cannot be null. (Parameter 'path1')
   at System.IO.Path.Combine(String path1, String path2)
   at Prorigo.Plm.DataMigration.IO.TypeDataFileWriter.set_TypeName(String value) in D:\DataMigrationProject\OTIS_Transformation\Prorigo.DataMigration.Transformation\Prorigo.Plm.DataMigration.IO\TypeDataFileWriter.cs:line 36
   at Prorigo.Plm.DataMigration.OtisDataTransformer.OtisParameterTransformer.DefaultValueAdder(String transformName) in D:\DataMigrationProject\OTIS_Transformation\Prorigo.DataMigration.Transformation\Prorigo.DataMigrationTransformation.OTIS\OtisParameterTransformer.cs:line 63
   at Prorigo.Plm.DataMigration.OtisDataTransformer.OtisParameterTransformer.Transform() in D:\DataMigrationProject\OTIS_Transformation\Prorigo.DataMigration.Transformation\Prorigo.DataMigrationTransformation.OTIS\OtisParameterTransformer.cs:line 52
   at Prorigo.DataMigrationTransformation.OTIS.Program.<>c.<<Main>b__0_0>d.MoveNext() in D:\DataMigrationProject\OTIS_Transformation\Prorigo.DataMigration.Transformation\Prorigo.DataMigrationTransformation.OTIS\Program.cs:line 57
2025-03-13 11:38:21.677 +05:30 [Error] Value cannot be null. (Parameter 'path1')
System.ArgumentNullException: Value cannot be null. (Parameter 'path1')
   at System.IO.Path.Combine(String path1, String path2)
   at Prorigo.Plm.DataMigration.IO.TypeDataFileWriter.set_TypeName(String value) in D:\DataMigrationProject\OTIS_Transformation\Prorigo.DataMigration.Transformation\Prorigo.Plm.DataMigration.IO\TypeDataFileWriter.cs:line 36
   at Prorigo.Plm.DataMigration.OtisDataTransformer.OtisParameterTransformer.DefaultValueAdder(String transformName) in D:\DataMigrationProject\OTIS_Transformation\Prorigo.DataMigration.Transformation\Prorigo.DataMigrationTransformation.OTIS\OtisParameterTransformer.cs:line 63
   at Prorigo.Plm.DataMigration.OtisDataTransformer.OtisParameterTransformer.Transform() in D:\DataMigrationProject\OTIS_Transformation\Prorigo.DataMigration.Transformation\Prorigo.DataMigrationTransformation.OTIS\OtisParameterTransformer.cs:line 52
   at Prorigo.DataMigrationTransformation.OTIS.Program.<>c.<<Main>b__0_0>d.MoveNext() in D:\DataMigrationProject\OTIS_Transformation\Prorigo.DataMigration.Transformation\Prorigo.DataMigrationTransformation.OTIS\Program.cs:line 57
2025-03-13 11:38:29.762 +05:30 [Error] Value cannot be null. (Parameter 'path1')
System.ArgumentNullException: Value cannot be null. (Parameter 'path1')
   at System.IO.Path.Combine(String path1, String path2)
   at Prorigo.Plm.DataMigration.IO.TypeDataFileWriter.set_TypeName(String value) in D:\DataMigrationProject\OTIS_Transformation\Prorigo.DataMigration.Transformation\Prorigo.Plm.DataMigration.IO\TypeDataFileWriter.cs:line 36
   at Prorigo.Plm.DataMigration.OtisDataTransformer.OtisParameterTransformer.DefaultValueAdder(String transformName) in D:\DataMigrationProject\OTIS_Transformation\Prorigo.DataMigration.Transformation\Prorigo.DataMigrationTransformation.OTIS\OtisParameterTransformer.cs:line 63
   at Prorigo.Plm.DataMigration.OtisDataTransformer.OtisParameterTransformer.Transform() in D:\DataMigrationProject\OTIS_Transformation\Prorigo.DataMigration.Transformation\Prorigo.DataMigrationTransformation.OTIS\OtisParameterTransformer.cs:line 52
   at Prorigo.DataMigrationTransformation.OTIS.Program.<>c.<<Main>b__0_0>d.MoveNext() in D:\DataMigrationProject\OTIS_Transformation\Prorigo.DataMigration.Transformation\Prorigo.DataMigrationTransformation.OTIS\Program.cs:line 57
2025-03-13 11:39:08.576 +05:30 [Error] Could not find a part of the path 'D:\DataMigrationProject\OTIS\DataFiles\OtisParameter\FilesMetadata'.
System.IO.DirectoryNotFoundException: Could not find a part of the path 'D:\DataMigrationProject\OTIS\DataFiles\OtisParameter\FilesMetadata'.
   at System.IO.Enumeration.FileSystemEnumerator`1.CreateDirectoryHandle(String path, Boolean ignoreNotFound)
   at System.IO.Enumeration.FileSystemEnumerator`1.Init()
   at System.IO.Enumeration.FileSystemEnumerator`1..ctor(String directory, Boolean isNormalized, EnumerationOptions options)
   at System.IO.Enumeration.FileSystemEnumerable`1..ctor(String directory, FindTransform transform, EnumerationOptions options, Boolean isNormalized)
   at System.IO.Enumeration.FileSystemEnumerableFactory.UserFiles(String directory, String expression, EnumerationOptions options)
   at System.IO.Directory.InternalEnumeratePaths(String path, String searchPattern, SearchTarget searchTarget, EnumerationOptions options)
   at System.IO.Directory.GetFiles(String path)
   at Prorigo.Plm.DataMigration.IO.TypeDataFileReader.ReadAllEntities[T](String typeName, Boolean loadAdditionalColumns)+MoveNext() in D:\DataMigrationProject\OTIS_Transformation\Prorigo.DataMigration.Transformation\Prorigo.Plm.DataMigration.IO\TypeDataFileReader.cs:line 112
   at Prorigo.Plm.DataMigration.OtisDataTransformer.OtisParameterTransformer.DefaultValueAdder(String transformName) in D:\DataMigrationProject\OTIS_Transformation\Prorigo.DataMigration.Transformation\Prorigo.DataMigrationTransformation.OTIS\OtisParameterTransformer.cs:line 97
   at Prorigo.Plm.DataMigration.OtisDataTransformer.OtisParameterTransformer.Transform() in D:\DataMigrationProject\OTIS_Transformation\Prorigo.DataMigration.Transformation\Prorigo.DataMigrationTransformation.OTIS\OtisParameterTransformer.cs:line 52
   at Prorigo.DataMigrationTransformation.OTIS.Program.<>c.<<Main>b__0_0>d.MoveNext() in D:\DataMigrationProject\OTIS_Transformation\Prorigo.DataMigration.Transformation\Prorigo.DataMigrationTransformation.OTIS\Program.cs:line 57
2025-03-13 15:15:33.335 +05:30 [Error] Value cannot be null. (Parameter 'path2')
System.ArgumentNullException: Value cannot be null. (Parameter 'path2')
   at System.IO.Path.Combine(String path1, String path2, String path3)
   at Prorigo.Plm.DataMigration.IO.TypeDataFileWriter.WriteRow(String rowData) in D:\DataMigrationProject\OTIS_Transformation\Prorigo.DataMigration.Transformation\Prorigo.Plm.DataMigration.IO\TypeDataFileWriter.cs:line 52
   at Prorigo.DataMigrationTransformation.OTIS.OtisFileTransformer.TrasnformSubDirectories(String directoryName, TypeDataFileWriter FileMetaDataWriter) in D:\DataMigrationProject\OTIS_Transformation\Prorigo.DataMigration.Transformation\Prorigo.DataMigrationTransformation.OTIS\OtisFileTransformer.cs:line 80
   at Prorigo.DataMigrationTransformation.OTIS.OtisFileTransformer.Transform() in D:\DataMigrationProject\OTIS_Transformation\Prorigo.DataMigration.Transformation\Prorigo.DataMigrationTransformation.OTIS\OtisFileTransformer.cs:line 54
   at Prorigo.DataMigrationTransformation.OTIS.Program.<>c.<<Main>b__0_0>d.MoveNext() in D:\DataMigrationProject\OTIS_Transformation\Prorigo.DataMigration.Transformation\Prorigo.DataMigrationTransformation.OTIS\Program.cs:line 57
2025-03-13 15:49:53.751 +05:30 [Error] Could not find a part of the path 'D:\DataMigrationProject\OTIS\DataFiles\FileMetadata'.
System.IO.DirectoryNotFoundException: Could not find a part of the path 'D:\DataMigrationProject\OTIS\DataFiles\FileMetadata'.
   at System.IO.Enumeration.FileSystemEnumerator`1.CreateDirectoryHandle(String path, Boolean ignoreNotFound)
   at System.IO.Enumeration.FileSystemEnumerator`1.Init()
   at System.IO.Enumeration.FileSystemEnumerator`1..ctor(String directory, Boolean isNormalized, EnumerationOptions options)
   at System.IO.Enumeration.FileSystemEnumerable`1..ctor(String directory, FindTransform transform, EnumerationOptions options, Boolean isNormalized)
   at System.IO.Enumeration.FileSystemEnumerableFactory.UserFiles(String directory, String expression, EnumerationOptions options)
   at System.IO.Directory.InternalEnumeratePaths(String path, String searchPattern, SearchTarget searchTarget, EnumerationOptions options)
   at System.IO.Directory.GetFiles(String path)
   at Prorigo.Plm.DataMigration.IO.TypeDataFileReader.ReadAllEntities[T](String typeName, Boolean loadAdditionalColumns)+MoveNext() in D:\DataMigrationProject\OTIS_Transformation\Prorigo.DataMigration.Transformation\Prorigo.Plm.DataMigration.IO\TypeDataFileReader.cs:line 112
   at Prorigo.Plm.DataMigration.OtisDataTransformer.OtisParameterTransformer.DefaultValueAdder(String transformName) in D:\DataMigrationProject\OTIS_Transformation\Prorigo.DataMigration.Transformation\Prorigo.DataMigrationTransformation.OTIS\OtisParameterTransformer.cs:line 91
   at Prorigo.Plm.DataMigration.OtisDataTransformer.OtisParameterTransformer.Transform() in D:\DataMigrationProject\OTIS_Transformation\Prorigo.DataMigration.Transformation\Prorigo.DataMigrationTransformation.OTIS\OtisParameterTransformer.cs:line 52
   at Prorigo.DataMigrationTransformation.OTIS.Program.<>c.<<Main>b__0_0>d.MoveNext() in D:\DataMigrationProject\OTIS_Transformation\Prorigo.DataMigration.Transformation\Prorigo.DataMigrationTransformation.OTIS\Program.cs:line 57
