2024-12-11 18:51:03.351 +05:30 [Error] Index was outside the bounds of the array.
System.IndexOutOfRangeException: Index was outside the bounds of the array.
   at XMLFromStringNotation.ConvertToXML.featureoptionconversion(String strPart) in D:\Varient Management\VM_Rule Transformation\Prorigo.DataMigration.Transformation\Prorigo.DataMigrationTransformation.Expression\ConvertToXML.cs:line 1703
   at XMLFromStringNotation.ConvertToXML.ProcessGroupString(XmlNode xNode, String strGroup, String strCurrVerb, Int32 intSeq) in D:\Varient Management\VM_Rule Transformation\Prorigo.DataMigration.Transformation\Prorigo.DataMigrationTransformation.Expression\ConvertToXML.cs:line 1555
   at XMLFromStringNotation.ConvertToXML.ProcessStructList() in D:\Varient Management\VM_Rule Transformation\Prorigo.DataMigration.Transformation\Prorigo.DataMigrationTransformation.Expression\ConvertToXML.cs:line 202
   at XMLFromStringNotation.ConvertToXML.GetXML(String strInput) in D:\Varient Management\VM_Rule Transformation\Prorigo.DataMigration.Transformation\Prorigo.DataMigrationTransformation.Expression\ConvertToXML.cs:line 177
   at Prorigo.DataMigrationTransformation.Expression.VM_RuleTransformer.defaultFunction(String transformName) in D:\Varient Management\VM_Rule Transformation\Prorigo.DataMigration.Transformation\Prorigo.DataMigrationTransformation.Expression\VM_RuleTransformer.cs:line 103
   at Prorigo.DataMigrationTransformation.Expression.VM_RuleTransformer.Transform() in D:\Varient Management\VM_Rule Transformation\Prorigo.DataMigration.Transformation\Prorigo.DataMigrationTransformation.Expression\VM_RuleTransformer.cs:line 53
   at Prorigo.DataMigrationTransformation.Expression.Program.<>c.<<Main>b__0_0>d.MoveNext() in D:\Varient Management\VM_Rule Transformation\Prorigo.DataMigration.Transformation\Prorigo.DataMigrationTransformation.Expression\Program.cs:line 56
2024-12-11 18:51:09.075 +05:30 [Error] Index was outside the bounds of the array.
System.IndexOutOfRangeException: Index was outside the bounds of the array.
   at XMLFromStringNotation.ConvertToXML.featureoptionconversion(String strPart) in D:\Varient Management\VM_Rule Transformation\Prorigo.DataMigration.Transformation\Prorigo.DataMigrationTransformation.Expression\ConvertToXML.cs:line 1703
   at XMLFromStringNotation.ConvertToXML.ProcessGroupString(XmlNode xNode, String strGroup, String strCurrVerb, Int32 intSeq) in D:\Varient Management\VM_Rule Transformation\Prorigo.DataMigration.Transformation\Prorigo.DataMigrationTransformation.Expression\ConvertToXML.cs:line 1555
   at XMLFromStringNotation.ConvertToXML.ProcessStructList() in D:\Varient Management\VM_Rule Transformation\Prorigo.DataMigration.Transformation\Prorigo.DataMigrationTransformation.Expression\ConvertToXML.cs:line 202
   at XMLFromStringNotation.ConvertToXML.GetXML(String strInput) in D:\Varient Management\VM_Rule Transformation\Prorigo.DataMigration.Transformation\Prorigo.DataMigrationTransformation.Expression\ConvertToXML.cs:line 177
   at Prorigo.DataMigrationTransformation.Expression.VM_RuleTransformer.defaultFunction(String transformName) in D:\Varient Management\VM_Rule Transformation\Prorigo.DataMigration.Transformation\Prorigo.DataMigrationTransformation.Expression\VM_RuleTransformer.cs:line 103
   at Prorigo.DataMigrationTransformation.Expression.VM_RuleTransformer.Transform() in D:\Varient Management\VM_Rule Transformation\Prorigo.DataMigration.Transformation\Prorigo.DataMigrationTransformation.Expression\VM_RuleTransformer.cs:line 53
   at Prorigo.DataMigrationTransformation.Expression.Program.<>c.<<Main>b__0_0>d.MoveNext() in D:\Varient Management\VM_Rule Transformation\Prorigo.DataMigration.Transformation\Prorigo.DataMigrationTransformation.Expression\Program.cs:line 56
2024-12-11 18:51:25.840 +05:30 [Error] Index was outside the bounds of the array.
System.IndexOutOfRangeException: Index was outside the bounds of the array.
   at XMLFromStringNotation.ConvertToXML.featureoptionconversion(String strPart) in D:\Varient Management\VM_Rule Transformation\Prorigo.DataMigration.Transformation\Prorigo.DataMigrationTransformation.Expression\ConvertToXML.cs:line 1703
   at XMLFromStringNotation.ConvertToXML.ProcessGroupString(XmlNode xNode, String strGroup, String strCurrVerb, Int32 intSeq) in D:\Varient Management\VM_Rule Transformation\Prorigo.DataMigration.Transformation\Prorigo.DataMigrationTransformation.Expression\ConvertToXML.cs:line 1555
   at XMLFromStringNotation.ConvertToXML.ProcessStructList() in D:\Varient Management\VM_Rule Transformation\Prorigo.DataMigration.Transformation\Prorigo.DataMigrationTransformation.Expression\ConvertToXML.cs:line 202
   at XMLFromStringNotation.ConvertToXML.GetXML(String strInput) in D:\Varient Management\VM_Rule Transformation\Prorigo.DataMigration.Transformation\Prorigo.DataMigrationTransformation.Expression\ConvertToXML.cs:line 177
   at Prorigo.DataMigrationTransformation.Expression.VM_RuleTransformer.defaultFunction(String transformName) in D:\Varient Management\VM_Rule Transformation\Prorigo.DataMigration.Transformation\Prorigo.DataMigrationTransformation.Expression\VM_RuleTransformer.cs:line 103
   at Prorigo.DataMigrationTransformation.Expression.VM_RuleTransformer.Transform() in D:\Varient Management\VM_Rule Transformation\Prorigo.DataMigration.Transformation\Prorigo.DataMigrationTransformation.Expression\VM_RuleTransformer.cs:line 53
   at Prorigo.DataMigrationTransformation.Expression.Program.<>c.<<Main>b__0_0>d.MoveNext() in D:\Varient Management\VM_Rule Transformation\Prorigo.DataMigration.Transformation\Prorigo.DataMigrationTransformation.Expression\Program.cs:line 56
