2024-12-09 11:04:05.463 +05:30 [Error] Object reference not set to an instance of an object.
System.NullReferenceException: Object reference not set to an instance of an object.
   at XMLFromStringNotation.ConvertToXML.ProcessStructList() in D:\Varient Management\VM_Rule Transformation\Prorigo.DataMigration.Transformation\Prorigo.DataMigrationTransformation.Training\ConvertToXML.cs:line 638
   at XMLFromStringNotation.ConvertToXML.GetXML(String strInput) in D:\Varient Management\VM_Rule Transformation\Prorigo.DataMigration.Transformation\Prorigo.DataMigrationTransformation.Training\ConvertToXML.cs:line 139
   at Prorigo.DataMigrationTransformation.Training.VM_RuleTransformer.defaultFunction(String transformName) in D:\Varient Management\VM_Rule Transformation\Prorigo.DataMigration.Transformation\Prorigo.DataMigrationTransformation.Training\VM_RuleTransformer.cs:line 89
   at Prorigo.DataMigrationTransformation.Training.VM_RuleTransformer.Transform() in D:\Varient Management\VM_Rule Transformation\Prorigo.DataMigration.Transformation\Prorigo.DataMigrationTransformation.Training\VM_RuleTransformer.cs:line 52
   at Prorigo.DataMigrationTransformation.Training.Program.<>c.<<Main>b__0_0>d.MoveNext() in D:\Varient Management\VM_Rule Transformation\Prorigo.DataMigration.Transformation\Prorigo.DataMigrationTransformation.Training\Program.cs:line 56
2024-12-09 11:05:58.480 +05:30 [Error] Object reference not set to an instance of an object.
System.NullReferenceException: Object reference not set to an instance of an object.
   at XMLFromStringNotation.ConvertToXML.ProcessStructList() in D:\Varient Management\VM_Rule Transformation\Prorigo.DataMigration.Transformation\Prorigo.DataMigrationTransformation.Training\ConvertToXML.cs:line 638
   at XMLFromStringNotation.ConvertToXML.GetXML(String strInput) in D:\Varient Management\VM_Rule Transformation\Prorigo.DataMigration.Transformation\Prorigo.DataMigrationTransformation.Training\ConvertToXML.cs:line 139
   at Prorigo.DataMigrationTransformation.Training.VM_RuleTransformer.defaultFunction(String transformName) in D:\Varient Management\VM_Rule Transformation\Prorigo.DataMigration.Transformation\Prorigo.DataMigrationTransformation.Training\VM_RuleTransformer.cs:line 89
   at Prorigo.DataMigrationTransformation.Training.VM_RuleTransformer.Transform() in D:\Varient Management\VM_Rule Transformation\Prorigo.DataMigration.Transformation\Prorigo.DataMigrationTransformation.Training\VM_RuleTransformer.cs:line 52
   at Prorigo.DataMigrationTransformation.Training.Program.<>c.<<Main>b__0_0>d.MoveNext() in D:\Varient Management\VM_Rule Transformation\Prorigo.DataMigration.Transformation\Prorigo.DataMigrationTransformation.Training\Program.cs:line 56
2024-12-09 11:07:59.902 +05:30 [Error] Object reference not set to an instance of an object.
System.NullReferenceException: Object reference not set to an instance of an object.
   at XMLFromStringNotation.ConvertToXML.ProcessStructList() in D:\Varient Management\VM_Rule Transformation\Prorigo.DataMigration.Transformation\Prorigo.DataMigrationTransformation.Training\ConvertToXML.cs:line 638
   at XMLFromStringNotation.ConvertToXML.GetXML(String strInput) in D:\Varient Management\VM_Rule Transformation\Prorigo.DataMigration.Transformation\Prorigo.DataMigrationTransformation.Training\ConvertToXML.cs:line 139
   at Prorigo.DataMigrationTransformation.Training.VM_RuleTransformer.defaultFunction(String transformName) in D:\Varient Management\VM_Rule Transformation\Prorigo.DataMigration.Transformation\Prorigo.DataMigrationTransformation.Training\VM_RuleTransformer.cs:line 89
   at Prorigo.DataMigrationTransformation.Training.VM_RuleTransformer.Transform() in D:\Varient Management\VM_Rule Transformation\Prorigo.DataMigration.Transformation\Prorigo.DataMigrationTransformation.Training\VM_RuleTransformer.cs:line 52
   at Prorigo.DataMigrationTransformation.Training.Program.<>c.<<Main>b__0_0>d.MoveNext() in D:\Varient Management\VM_Rule Transformation\Prorigo.DataMigration.Transformation\Prorigo.DataMigrationTransformation.Training\Program.cs:line 56
2024-12-09 11:10:01.592 +05:30 [Error] Object reference not set to an instance of an object.
System.NullReferenceException: Object reference not set to an instance of an object.
   at XMLFromStringNotation.ConvertToXML.ProcessStructList() in D:\Varient Management\VM_Rule Transformation\Prorigo.DataMigration.Transformation\Prorigo.DataMigrationTransformation.Training\ConvertToXML.cs:line 638
   at XMLFromStringNotation.ConvertToXML.GetXML(String strInput) in D:\Varient Management\VM_Rule Transformation\Prorigo.DataMigration.Transformation\Prorigo.DataMigrationTransformation.Training\ConvertToXML.cs:line 139
   at Prorigo.DataMigrationTransformation.Training.VM_RuleTransformer.defaultFunction(String transformName) in D:\Varient Management\VM_Rule Transformation\Prorigo.DataMigration.Transformation\Prorigo.DataMigrationTransformation.Training\VM_RuleTransformer.cs:line 89
   at Prorigo.DataMigrationTransformation.Training.VM_RuleTransformer.Transform() in D:\Varient Management\VM_Rule Transformation\Prorigo.DataMigration.Transformation\Prorigo.DataMigrationTransformation.Training\VM_RuleTransformer.cs:line 52
   at Prorigo.DataMigrationTransformation.Training.Program.<>c.<<Main>b__0_0>d.MoveNext() in D:\Varient Management\VM_Rule Transformation\Prorigo.DataMigration.Transformation\Prorigo.DataMigrationTransformation.Training\Program.cs:line 56
2024-12-09 11:11:18.559 +05:30 [Error] Object reference not set to an instance of an object.
System.NullReferenceException: Object reference not set to an instance of an object.
   at XMLFromStringNotation.ConvertToXML.ProcessStructList() in D:\Varient Management\VM_Rule Transformation\Prorigo.DataMigration.Transformation\Prorigo.DataMigrationTransformation.Training\ConvertToXML.cs:line 638
   at XMLFromStringNotation.ConvertToXML.GetXML(String strInput) in D:\Varient Management\VM_Rule Transformation\Prorigo.DataMigration.Transformation\Prorigo.DataMigrationTransformation.Training\ConvertToXML.cs:line 139
   at Prorigo.DataMigrationTransformation.Training.VM_RuleTransformer.defaultFunction(String transformName) in D:\Varient Management\VM_Rule Transformation\Prorigo.DataMigration.Transformation\Prorigo.DataMigrationTransformation.Training\VM_RuleTransformer.cs:line 89
   at Prorigo.DataMigrationTransformation.Training.VM_RuleTransformer.Transform() in D:\Varient Management\VM_Rule Transformation\Prorigo.DataMigration.Transformation\Prorigo.DataMigrationTransformation.Training\VM_RuleTransformer.cs:line 52
   at Prorigo.DataMigrationTransformation.Training.Program.<>c.<<Main>b__0_0>d.MoveNext() in D:\Varient Management\VM_Rule Transformation\Prorigo.DataMigration.Transformation\Prorigo.DataMigrationTransformation.Training\Program.cs:line 56
2024-12-09 11:14:18.947 +05:30 [Error] Object reference not set to an instance of an object.
System.NullReferenceException: Object reference not set to an instance of an object.
   at XMLFromStringNotation.ConvertToXML.ProcessStructList() in D:\Varient Management\VM_Rule Transformation\Prorigo.DataMigration.Transformation\Prorigo.DataMigrationTransformation.Training\ConvertToXML.cs:line 638
   at XMLFromStringNotation.ConvertToXML.GetXML(String strInput) in D:\Varient Management\VM_Rule Transformation\Prorigo.DataMigration.Transformation\Prorigo.DataMigrationTransformation.Training\ConvertToXML.cs:line 139
   at Prorigo.DataMigrationTransformation.Training.VM_RuleTransformer.defaultFunction(String transformName) in D:\Varient Management\VM_Rule Transformation\Prorigo.DataMigration.Transformation\Prorigo.DataMigrationTransformation.Training\VM_RuleTransformer.cs:line 89
   at Prorigo.DataMigrationTransformation.Training.VM_RuleTransformer.Transform() in D:\Varient Management\VM_Rule Transformation\Prorigo.DataMigration.Transformation\Prorigo.DataMigrationTransformation.Training\VM_RuleTransformer.cs:line 52
   at Prorigo.DataMigrationTransformation.Training.Program.<>c.<<Main>b__0_0>d.MoveNext() in D:\Varient Management\VM_Rule Transformation\Prorigo.DataMigration.Transformation\Prorigo.DataMigrationTransformation.Training\Program.cs:line 56
2024-12-09 11:23:58.693 +05:30 [Error] Object reference not set to an instance of an object.
System.NullReferenceException: Object reference not set to an instance of an object.
   at XMLFromStringNotation.ConvertToXML.ProcessStructList() in D:\Varient Management\VM_Rule Transformation\Prorigo.DataMigration.Transformation\Prorigo.DataMigrationTransformation.Training\ConvertToXML.cs:line 346
   at XMLFromStringNotation.ConvertToXML.GetXML(String strInput) in D:\Varient Management\VM_Rule Transformation\Prorigo.DataMigration.Transformation\Prorigo.DataMigrationTransformation.Training\ConvertToXML.cs:line 139
   at Prorigo.DataMigrationTransformation.Training.VM_RuleTransformer.defaultFunction(String transformName) in D:\Varient Management\VM_Rule Transformation\Prorigo.DataMigration.Transformation\Prorigo.DataMigrationTransformation.Training\VM_RuleTransformer.cs:line 89
   at Prorigo.DataMigrationTransformation.Training.VM_RuleTransformer.Transform() in D:\Varient Management\VM_Rule Transformation\Prorigo.DataMigration.Transformation\Prorigo.DataMigrationTransformation.Training\VM_RuleTransformer.cs:line 52
   at Prorigo.DataMigrationTransformation.Training.Program.<>c.<<Main>b__0_0>d.MoveNext() in D:\Varient Management\VM_Rule Transformation\Prorigo.DataMigration.Transformation\Prorigo.DataMigrationTransformation.Training\Program.cs:line 56
