2025-01-28 15:28:53.393 +05:30 [Error] Value cannot be null. (Parameter 'value')
System.ArgumentNullException: Value cannot be null. (Parameter 'value')
   at System.Xml.Linq.XAttribute..ctor(XName name, Object value)
   at ExpressionXMLStringNotation.XMLStringNotation.ParseEqualityExpression(String expression) in D:\Varient Management\VM_Rule Transformation\Prorigo.DataMigration.Transformation\Prorigo.DataMigrationTransformation.Expression\XMLStringNotation.cs:line 388
   at ExpressionXMLStringNotation.XMLStringNotation.ParseLogicalExpression(String expression) in D:\Varient Management\VM_Rule Transformation\Prorigo.DataMigration.Transformation\Prorigo.DataMigrationTransformation.Expression\XMLStringNotation.cs:line 230
   at System.Linq.Enumerable.SelectListIterator`2.MoveNext()
   at System.Xml.Linq.XContainer.AddContentSkipNotify(Object content)
   at System.Xml.Linq.XElement..ctor(XName name, Object content)
   at ExpressionXMLStringNotation.XMLStringNotation.ParseLogicalExpression(String expression) in D:\Varient Management\VM_Rule Transformation\Prorigo.DataMigration.Transformation\Prorigo.DataMigrationTransformation.Expression\XMLStringNotation.cs:line 162
   at ExpressionXMLStringNotation.XMLStringNotation.GenerateDefinitionXml(String stringNotation) in D:\Varient Management\VM_Rule Transformation\Prorigo.DataMigration.Transformation\Prorigo.DataMigrationTransformation.Expression\XMLStringNotation.cs:line 96
   at Prorigo.DataMigrationTransformation.Expression.VM_RuleTransformer.defaultFunction(String transformName) in D:\Varient Management\VM_Rule Transformation\Prorigo.DataMigration.Transformation\Prorigo.DataMigrationTransformation.Expression\VM_RuleTransformer.cs:line 107
   at Prorigo.DataMigrationTransformation.Expression.VM_RuleTransformer.Transform() in D:\Varient Management\VM_Rule Transformation\Prorigo.DataMigration.Transformation\Prorigo.DataMigrationTransformation.Expression\VM_RuleTransformer.cs:line 56
   at Prorigo.DataMigrationTransformation.Expression.Program.<>c.<<Main>b__0_0>d.MoveNext() in D:\Varient Management\VM_Rule Transformation\Prorigo.DataMigration.Transformation\Prorigo.DataMigrationTransformation.Expression\Program.cs:line 57
2025-01-28 15:30:17.575 +05:30 [Error] Value cannot be null. (Parameter 'value')
System.ArgumentNullException: Value cannot be null. (Parameter 'value')
   at System.Xml.Linq.XAttribute..ctor(XName name, Object value)
   at ExpressionXMLStringNotation.XMLStringNotation.ParseEqualityExpression(String expression) in D:\Varient Management\VM_Rule Transformation\Prorigo.DataMigration.Transformation\Prorigo.DataMigrationTransformation.Expression\XMLStringNotation.cs:line 388
   at ExpressionXMLStringNotation.XMLStringNotation.ParseLogicalExpression(String expression) in D:\Varient Management\VM_Rule Transformation\Prorigo.DataMigration.Transformation\Prorigo.DataMigrationTransformation.Expression\XMLStringNotation.cs:line 230
   at System.Linq.Enumerable.SelectListIterator`2.MoveNext()
   at System.Xml.Linq.XContainer.AddContentSkipNotify(Object content)
   at System.Xml.Linq.XElement..ctor(XName name, Object content)
   at ExpressionXMLStringNotation.XMLStringNotation.ParseLogicalExpression(String expression) in D:\Varient Management\VM_Rule Transformation\Prorigo.DataMigration.Transformation\Prorigo.DataMigrationTransformation.Expression\XMLStringNotation.cs:line 162
   at ExpressionXMLStringNotation.XMLStringNotation.GenerateDefinitionXml(String stringNotation) in D:\Varient Management\VM_Rule Transformation\Prorigo.DataMigration.Transformation\Prorigo.DataMigrationTransformation.Expression\XMLStringNotation.cs:line 96
   at Prorigo.DataMigrationTransformation.Expression.VM_RuleTransformer.defaultFunction(String transformName) in D:\Varient Management\VM_Rule Transformation\Prorigo.DataMigration.Transformation\Prorigo.DataMigrationTransformation.Expression\VM_RuleTransformer.cs:line 107
   at Prorigo.DataMigrationTransformation.Expression.VM_RuleTransformer.Transform() in D:\Varient Management\VM_Rule Transformation\Prorigo.DataMigration.Transformation\Prorigo.DataMigrationTransformation.Expression\VM_RuleTransformer.cs:line 56
   at Prorigo.DataMigrationTransformation.Expression.Program.<>c.<<Main>b__0_0>d.MoveNext() in D:\Varient Management\VM_Rule Transformation\Prorigo.DataMigration.Transformation\Prorigo.DataMigrationTransformation.Expression\Program.cs:line 57
2025-01-28 15:32:11.883 +05:30 [Error] Value cannot be null. (Parameter 'value')
System.ArgumentNullException: Value cannot be null. (Parameter 'value')
   at System.Xml.Linq.XAttribute..ctor(XName name, Object value)
   at ExpressionXMLStringNotation.XMLStringNotation.ParseEqualityExpression(String expression) in D:\Varient Management\VM_Rule Transformation\Prorigo.DataMigration.Transformation\Prorigo.DataMigrationTransformation.Expression\XMLStringNotation.cs:line 388
   at ExpressionXMLStringNotation.XMLStringNotation.ParseLogicalExpression(String expression) in D:\Varient Management\VM_Rule Transformation\Prorigo.DataMigration.Transformation\Prorigo.DataMigrationTransformation.Expression\XMLStringNotation.cs:line 230
   at System.Linq.Enumerable.SelectListIterator`2.MoveNext()
   at System.Xml.Linq.XContainer.AddContentSkipNotify(Object content)
   at System.Xml.Linq.XElement..ctor(XName name, Object content)
   at ExpressionXMLStringNotation.XMLStringNotation.ParseLogicalExpression(String expression) in D:\Varient Management\VM_Rule Transformation\Prorigo.DataMigration.Transformation\Prorigo.DataMigrationTransformation.Expression\XMLStringNotation.cs:line 162
   at ExpressionXMLStringNotation.XMLStringNotation.GenerateDefinitionXml(String stringNotation) in D:\Varient Management\VM_Rule Transformation\Prorigo.DataMigration.Transformation\Prorigo.DataMigrationTransformation.Expression\XMLStringNotation.cs:line 96
   at Prorigo.DataMigrationTransformation.Expression.VM_RuleTransformer.defaultFunction(String transformName) in D:\Varient Management\VM_Rule Transformation\Prorigo.DataMigration.Transformation\Prorigo.DataMigrationTransformation.Expression\VM_RuleTransformer.cs:line 107
   at Prorigo.DataMigrationTransformation.Expression.VM_RuleTransformer.Transform() in D:\Varient Management\VM_Rule Transformation\Prorigo.DataMigration.Transformation\Prorigo.DataMigrationTransformation.Expression\VM_RuleTransformer.cs:line 56
   at Prorigo.DataMigrationTransformation.Expression.Program.<>c.<<Main>b__0_0>d.MoveNext() in D:\Varient Management\VM_Rule Transformation\Prorigo.DataMigration.Transformation\Prorigo.DataMigrationTransformation.Expression\Program.cs:line 57
2025-01-28 15:32:40.046 +05:30 [Error] Value cannot be null. (Parameter 'value')
System.ArgumentNullException: Value cannot be null. (Parameter 'value')
   at System.Xml.Linq.XAttribute..ctor(XName name, Object value)
   at ExpressionXMLStringNotation.XMLStringNotation.ParseEqualityExpression(String expression) in D:\Varient Management\VM_Rule Transformation\Prorigo.DataMigration.Transformation\Prorigo.DataMigrationTransformation.Expression\XMLStringNotation.cs:line 388
   at ExpressionXMLStringNotation.XMLStringNotation.ParseLogicalExpression(String expression) in D:\Varient Management\VM_Rule Transformation\Prorigo.DataMigration.Transformation\Prorigo.DataMigrationTransformation.Expression\XMLStringNotation.cs:line 230
   at System.Linq.Enumerable.SelectListIterator`2.MoveNext()
   at System.Xml.Linq.XContainer.AddContentSkipNotify(Object content)
   at System.Xml.Linq.XElement..ctor(XName name, Object content)
   at ExpressionXMLStringNotation.XMLStringNotation.ParseLogicalExpression(String expression) in D:\Varient Management\VM_Rule Transformation\Prorigo.DataMigration.Transformation\Prorigo.DataMigrationTransformation.Expression\XMLStringNotation.cs:line 162
   at ExpressionXMLStringNotation.XMLStringNotation.GenerateDefinitionXml(String stringNotation) in D:\Varient Management\VM_Rule Transformation\Prorigo.DataMigration.Transformation\Prorigo.DataMigrationTransformation.Expression\XMLStringNotation.cs:line 96
   at Prorigo.DataMigrationTransformation.Expression.VM_RuleTransformer.defaultFunction(String transformName) in D:\Varient Management\VM_Rule Transformation\Prorigo.DataMigration.Transformation\Prorigo.DataMigrationTransformation.Expression\VM_RuleTransformer.cs:line 107
   at Prorigo.DataMigrationTransformation.Expression.VM_RuleTransformer.Transform() in D:\Varient Management\VM_Rule Transformation\Prorigo.DataMigration.Transformation\Prorigo.DataMigrationTransformation.Expression\VM_RuleTransformer.cs:line 56
   at Prorigo.DataMigrationTransformation.Expression.Program.<>c.<<Main>b__0_0>d.MoveNext() in D:\Varient Management\VM_Rule Transformation\Prorigo.DataMigration.Transformation\Prorigo.DataMigrationTransformation.Expression\Program.cs:line 57
2025-01-28 15:46:51.080 +05:30 [Error] An item with the same key has already been added. Key: NAME
System.ArgumentException: An item with the same key has already been added. Key: NAME
   at System.Collections.Generic.Dictionary`2.TryInsert(TKey key, TValue value, InsertionBehavior behavior)
   at System.Collections.Generic.Dictionary`2.Add(TKey key, TValue value)
   at ExpressionXMLStringNotation.XMLStringNotation.load() in D:\Varient Management\VM_Rule Transformation\Prorigo.DataMigration.Transformation\Prorigo.DataMigrationTransformation.Expression\XMLStringNotation.cs:line 63
   at ExpressionXMLStringNotation.XMLStringNotation.GenerateDefinitionXml(String stringNotation) in D:\Varient Management\VM_Rule Transformation\Prorigo.DataMigration.Transformation\Prorigo.DataMigrationTransformation.Expression\XMLStringNotation.cs:line 86
   at Prorigo.DataMigrationTransformation.Expression.VM_RuleTransformer.defaultFunction(String transformName) in D:\Varient Management\VM_Rule Transformation\Prorigo.DataMigration.Transformation\Prorigo.DataMigrationTransformation.Expression\VM_RuleTransformer.cs:line 107
   at Prorigo.DataMigrationTransformation.Expression.VM_RuleTransformer.Transform() in D:\Varient Management\VM_Rule Transformation\Prorigo.DataMigration.Transformation\Prorigo.DataMigrationTransformation.Expression\VM_RuleTransformer.cs:line 56
   at Prorigo.DataMigrationTransformation.Expression.Program.<>c.<<Main>b__0_0>d.MoveNext() in D:\Varient Management\VM_Rule Transformation\Prorigo.DataMigration.Transformation\Prorigo.DataMigrationTransformation.Expression\Program.cs:line 57
2025-01-28 15:51:05.114 +05:30 [Error] An item with the same key has already been added. Key: NAME
System.ArgumentException: An item with the same key has already been added. Key: NAME
   at System.Collections.Generic.Dictionary`2.TryInsert(TKey key, TValue value, InsertionBehavior behavior)
   at System.Collections.Generic.Dictionary`2.Add(TKey key, TValue value)
   at ExpressionXMLStringNotation.XMLStringNotation.load() in D:\Varient Management\VM_Rule Transformation\Prorigo.DataMigration.Transformation\Prorigo.DataMigrationTransformation.Expression\XMLStringNotation.cs:line 63
   at Prorigo.DataMigrationTransformation.Expression.VM_RuleTransformer.defaultFunction(String transformName) in D:\Varient Management\VM_Rule Transformation\Prorigo.DataMigration.Transformation\Prorigo.DataMigrationTransformation.Expression\VM_RuleTransformer.cs:line 106
   at Prorigo.DataMigrationTransformation.Expression.VM_RuleTransformer.Transform() in D:\Varient Management\VM_Rule Transformation\Prorigo.DataMigration.Transformation\Prorigo.DataMigrationTransformation.Expression\VM_RuleTransformer.cs:line 56
   at Prorigo.DataMigrationTransformation.Expression.Program.<>c.<<Main>b__0_0>d.MoveNext() in D:\Varient Management\VM_Rule Transformation\Prorigo.DataMigration.Transformation\Prorigo.DataMigrationTransformation.Expression\Program.cs:line 57
2025-01-28 15:52:08.733 +05:30 [Error] Value cannot be null. (Parameter 'value')
System.ArgumentNullException: Value cannot be null. (Parameter 'value')
   at System.Xml.Linq.XAttribute..ctor(XName name, Object value)
   at ExpressionXMLStringNotation.XMLStringNotation.ParseEqualityExpression(String expression) in D:\Varient Management\VM_Rule Transformation\Prorigo.DataMigration.Transformation\Prorigo.DataMigrationTransformation.Expression\XMLStringNotation.cs:line 388
   at ExpressionXMLStringNotation.XMLStringNotation.ParseLogicalExpression(String expression) in D:\Varient Management\VM_Rule Transformation\Prorigo.DataMigration.Transformation\Prorigo.DataMigrationTransformation.Expression\XMLStringNotation.cs:line 230
   at System.Linq.Enumerable.SelectListIterator`2.MoveNext()
   at System.Xml.Linq.XContainer.AddContentSkipNotify(Object content)
   at System.Xml.Linq.XElement..ctor(XName name, Object content)
   at ExpressionXMLStringNotation.XMLStringNotation.ParseLogicalExpression(String expression) in D:\Varient Management\VM_Rule Transformation\Prorigo.DataMigration.Transformation\Prorigo.DataMigrationTransformation.Expression\XMLStringNotation.cs:line 172
   at System.Linq.Enumerable.SelectListIterator`2.MoveNext()
   at System.Xml.Linq.XContainer.AddContentSkipNotify(Object content)
   at System.Xml.Linq.XElement..ctor(XName name, Object content)
   at ExpressionXMLStringNotation.XMLStringNotation.ParseLogicalExpression(String expression) in D:\Varient Management\VM_Rule Transformation\Prorigo.DataMigration.Transformation\Prorigo.DataMigrationTransformation.Expression\XMLStringNotation.cs:line 162
   at ExpressionXMLStringNotation.XMLStringNotation.GenerateDefinitionXml(String stringNotation) in D:\Varient Management\VM_Rule Transformation\Prorigo.DataMigration.Transformation\Prorigo.DataMigrationTransformation.Expression\XMLStringNotation.cs:line 109
   at Prorigo.DataMigrationTransformation.Expression.VM_RuleTransformer.defaultFunction(String transformName) in D:\Varient Management\VM_Rule Transformation\Prorigo.DataMigration.Transformation\Prorigo.DataMigrationTransformation.Expression\VM_RuleTransformer.cs:line 109
   at Prorigo.DataMigrationTransformation.Expression.VM_RuleTransformer.Transform() in D:\Varient Management\VM_Rule Transformation\Prorigo.DataMigration.Transformation\Prorigo.DataMigrationTransformation.Expression\VM_RuleTransformer.cs:line 56
   at Prorigo.DataMigrationTransformation.Expression.Program.<>c.<<Main>b__0_0>d.MoveNext() in D:\Varient Management\VM_Rule Transformation\Prorigo.DataMigration.Transformation\Prorigo.DataMigrationTransformation.Expression\Program.cs:line 57
2025-01-28 15:56:21.963 +05:30 [Error] Value cannot be null. (Parameter 'value')
System.ArgumentNullException: Value cannot be null. (Parameter 'value')
   at System.Xml.Linq.XAttribute..ctor(XName name, Object value)
   at ExpressionXMLStringNotation.XMLStringNotation.ParseEqualityExpression(String expression) in D:\Varient Management\VM_Rule Transformation\Prorigo.DataMigration.Transformation\Prorigo.DataMigrationTransformation.Expression\XMLStringNotation.cs:line 388
   at ExpressionXMLStringNotation.XMLStringNotation.ParseLogicalExpression(String expression) in D:\Varient Management\VM_Rule Transformation\Prorigo.DataMigration.Transformation\Prorigo.DataMigrationTransformation.Expression\XMLStringNotation.cs:line 230
   at System.Linq.Enumerable.SelectListIterator`2.MoveNext()
   at System.Xml.Linq.XContainer.AddContentSkipNotify(Object content)
   at System.Xml.Linq.XElement..ctor(XName name, Object content)
   at ExpressionXMLStringNotation.XMLStringNotation.ParseLogicalExpression(String expression) in D:\Varient Management\VM_Rule Transformation\Prorigo.DataMigration.Transformation\Prorigo.DataMigrationTransformation.Expression\XMLStringNotation.cs:line 172
   at System.Linq.Enumerable.SelectListIterator`2.MoveNext()
   at System.Xml.Linq.XContainer.AddContentSkipNotify(Object content)
   at System.Xml.Linq.XElement..ctor(XName name, Object content)
   at ExpressionXMLStringNotation.XMLStringNotation.ParseLogicalExpression(String expression) in D:\Varient Management\VM_Rule Transformation\Prorigo.DataMigration.Transformation\Prorigo.DataMigrationTransformation.Expression\XMLStringNotation.cs:line 162
   at ExpressionXMLStringNotation.XMLStringNotation.GenerateDefinitionXml(String stringNotation) in D:\Varient Management\VM_Rule Transformation\Prorigo.DataMigration.Transformation\Prorigo.DataMigrationTransformation.Expression\XMLStringNotation.cs:line 109
   at Prorigo.DataMigrationTransformation.Expression.VM_RuleTransformer.defaultFunction(String transformName) in D:\Varient Management\VM_Rule Transformation\Prorigo.DataMigration.Transformation\Prorigo.DataMigrationTransformation.Expression\VM_RuleTransformer.cs:line 109
   at Prorigo.DataMigrationTransformation.Expression.VM_RuleTransformer.Transform() in D:\Varient Management\VM_Rule Transformation\Prorigo.DataMigration.Transformation\Prorigo.DataMigrationTransformation.Expression\VM_RuleTransformer.cs:line 56
   at Prorigo.DataMigrationTransformation.Expression.Program.<>c.<<Main>b__0_0>d.MoveNext() in D:\Varient Management\VM_Rule Transformation\Prorigo.DataMigration.Transformation\Prorigo.DataMigrationTransformation.Expression\Program.cs:line 57
2025-01-28 16:00:58.100 +05:30 [Error] Value cannot be null. (Parameter 'value')
System.ArgumentNullException: Value cannot be null. (Parameter 'value')
   at System.Xml.Linq.XAttribute..ctor(XName name, Object value)
   at ExpressionXMLStringNotation.XMLStringNotation.ParseEqualityExpression(String expression) in D:\Varient Management\VM_Rule Transformation\Prorigo.DataMigration.Transformation\Prorigo.DataMigrationTransformation.Expression\XMLStringNotation.cs:line 388
   at ExpressionXMLStringNotation.XMLStringNotation.ParseLogicalExpression(String expression) in D:\Varient Management\VM_Rule Transformation\Prorigo.DataMigration.Transformation\Prorigo.DataMigrationTransformation.Expression\XMLStringNotation.cs:line 230
   at System.Linq.Enumerable.SelectListIterator`2.MoveNext()
   at System.Xml.Linq.XContainer.AddContentSkipNotify(Object content)
   at System.Xml.Linq.XElement..ctor(XName name, Object content)
   at ExpressionXMLStringNotation.XMLStringNotation.ParseLogicalExpression(String expression) in D:\Varient Management\VM_Rule Transformation\Prorigo.DataMigration.Transformation\Prorigo.DataMigrationTransformation.Expression\XMLStringNotation.cs:line 172
   at System.Linq.Enumerable.SelectListIterator`2.MoveNext()
   at System.Xml.Linq.XContainer.AddContentSkipNotify(Object content)
   at System.Xml.Linq.XElement..ctor(XName name, Object content)
   at ExpressionXMLStringNotation.XMLStringNotation.ParseLogicalExpression(String expression) in D:\Varient Management\VM_Rule Transformation\Prorigo.DataMigration.Transformation\Prorigo.DataMigrationTransformation.Expression\XMLStringNotation.cs:line 162
   at ExpressionXMLStringNotation.XMLStringNotation.GenerateDefinitionXml(String stringNotation) in D:\Varient Management\VM_Rule Transformation\Prorigo.DataMigration.Transformation\Prorigo.DataMigrationTransformation.Expression\XMLStringNotation.cs:line 109
   at Prorigo.DataMigrationTransformation.Expression.VM_RuleTransformer.defaultFunction(String transformName) in D:\Varient Management\VM_Rule Transformation\Prorigo.DataMigration.Transformation\Prorigo.DataMigrationTransformation.Expression\VM_RuleTransformer.cs:line 109
   at Prorigo.DataMigrationTransformation.Expression.VM_RuleTransformer.Transform() in D:\Varient Management\VM_Rule Transformation\Prorigo.DataMigration.Transformation\Prorigo.DataMigrationTransformation.Expression\VM_RuleTransformer.cs:line 56
   at Prorigo.DataMigrationTransformation.Expression.Program.<>c.<<Main>b__0_0>d.MoveNext() in D:\Varient Management\VM_Rule Transformation\Prorigo.DataMigration.Transformation\Prorigo.DataMigrationTransformation.Expression\Program.cs:line 57
2025-01-28 16:01:40.627 +05:30 [Error] Value cannot be null. (Parameter 'value')
System.ArgumentNullException: Value cannot be null. (Parameter 'value')
   at System.Xml.Linq.XAttribute..ctor(XName name, Object value)
   at ExpressionXMLStringNotation.XMLStringNotation.ParseEqualityExpression(String expression) in D:\Varient Management\VM_Rule Transformation\Prorigo.DataMigration.Transformation\Prorigo.DataMigrationTransformation.Expression\XMLStringNotation.cs:line 388
   at ExpressionXMLStringNotation.XMLStringNotation.ParseLogicalExpression(String expression) in D:\Varient Management\VM_Rule Transformation\Prorigo.DataMigration.Transformation\Prorigo.DataMigrationTransformation.Expression\XMLStringNotation.cs:line 230
   at System.Linq.Enumerable.SelectListIterator`2.MoveNext()
   at System.Xml.Linq.XContainer.AddContentSkipNotify(Object content)
   at System.Xml.Linq.XElement..ctor(XName name, Object content)
   at ExpressionXMLStringNotation.XMLStringNotation.ParseLogicalExpression(String expression) in D:\Varient Management\VM_Rule Transformation\Prorigo.DataMigration.Transformation\Prorigo.DataMigrationTransformation.Expression\XMLStringNotation.cs:line 172
   at System.Linq.Enumerable.SelectListIterator`2.MoveNext()
   at System.Xml.Linq.XContainer.AddContentSkipNotify(Object content)
   at System.Xml.Linq.XElement..ctor(XName name, Object content)
   at ExpressionXMLStringNotation.XMLStringNotation.ParseLogicalExpression(String expression) in D:\Varient Management\VM_Rule Transformation\Prorigo.DataMigration.Transformation\Prorigo.DataMigrationTransformation.Expression\XMLStringNotation.cs:line 162
   at ExpressionXMLStringNotation.XMLStringNotation.GenerateDefinitionXml(String stringNotation) in D:\Varient Management\VM_Rule Transformation\Prorigo.DataMigration.Transformation\Prorigo.DataMigrationTransformation.Expression\XMLStringNotation.cs:line 109
   at Prorigo.DataMigrationTransformation.Expression.VM_RuleTransformer.defaultFunction(String transformName) in D:\Varient Management\VM_Rule Transformation\Prorigo.DataMigration.Transformation\Prorigo.DataMigrationTransformation.Expression\VM_RuleTransformer.cs:line 109
   at Prorigo.DataMigrationTransformation.Expression.VM_RuleTransformer.Transform() in D:\Varient Management\VM_Rule Transformation\Prorigo.DataMigration.Transformation\Prorigo.DataMigrationTransformation.Expression\VM_RuleTransformer.cs:line 56
   at Prorigo.DataMigrationTransformation.Expression.Program.<>c.<<Main>b__0_0>d.MoveNext() in D:\Varient Management\VM_Rule Transformation\Prorigo.DataMigration.Transformation\Prorigo.DataMigrationTransformation.Expression\Program.cs:line 57
