2024-09-24 10:33:29.248 +05:30 [Error] The process cannot access the file 'D:\DataMigration\Transformation\Transformation Project\Assignment 2 1\Assignment 2 1\Assignment 2\Datafiles\PART\FMD_PART_2024-09-24 10-33-29_0.tsv' because it is being used by another process.
System.IO.IOException: The process cannot access the file 'D:\DataMigration\Transformation\Transformation Project\Assignment 2 1\Assignment 2 1\Assignment 2\Datafiles\PART\FMD_PART_2024-09-24 10-33-29_0.tsv' because it is being used by another process.
   at System.IO.FileStream.ValidateFileHandle(SafeFileHandle fileHandle)
   at System.IO.FileStream.CreateFileOpenHandle(FileMode mode, FileShare share, FileOptions options)
   at System.IO.FileStream..ctor(String path, FileMode mode, FileAccess access, FileShare share, Int32 bufferSize, FileOptions options)
   at System.IO.StreamReader.ValidateArgsAndOpenPath(String path, Encoding encoding, Int32 bufferSize)
   at System.IO.StreamReader..ctor(String path)
   at Prorigo.Plm.DataMigration.IO.TypeDataFileReader.ReadAllEntities[T](String typeName, String searchPattern, Boolean loadAdditionalColumns)+MoveNext() in D:\DataMigration\Transformation\Transformation Project\Prorigo.DataMigration.Transformation\Prorigo.Plm.DataMigration.IO\TypeDataFileReader.cs:line 76
   at System.Linq.Enumerable.Count[TSource](IEnumerable`1 source)
   at Prorigo.DataMigrationTransformation.Training.PartTransformer.PartMeta(String transformName) in D:\DataMigration\Transformation\Transformation Project\Prorigo.DataMigration.Transformation\Prorigo.DataMigrationTransformation.Training\PartTransformer.cs:line 89
   at Prorigo.DataMigrationTransformation.Training.PartTransformer.Transform() in D:\DataMigration\Transformation\Transformation Project\Prorigo.DataMigration.Transformation\Prorigo.DataMigrationTransformation.Training\PartTransformer.cs:line 44
   at Prorigo.DataMigrationTransformation.Training.Program.<>c.<<Main>b__0_0>d.MoveNext() in D:\DataMigration\Transformation\Transformation Project\Prorigo.DataMigration.Transformation\Prorigo.DataMigrationTransformation.Training\Program.cs:line 54
2024-09-24 19:02:19.250 +05:30 [Error] The process cannot access the file 'D:\DataMigration\Transformation\Transformation Project\Assignment 2 1\Assignment 2 1\Assignment 2\Datafiles\PART\FMD_PART_2024-09-24 19-02-19_0.tsv' because it is being used by another process.
System.IO.IOException: The process cannot access the file 'D:\DataMigration\Transformation\Transformation Project\Assignment 2 1\Assignment 2 1\Assignment 2\Datafiles\PART\FMD_PART_2024-09-24 19-02-19_0.tsv' because it is being used by another process.
   at System.IO.FileStream.ValidateFileHandle(SafeFileHandle fileHandle)
   at System.IO.FileStream.CreateFileOpenHandle(FileMode mode, FileShare share, FileOptions options)
   at System.IO.FileStream..ctor(String path, FileMode mode, FileAccess access, FileShare share, Int32 bufferSize, FileOptions options)
   at System.IO.StreamReader.ValidateArgsAndOpenPath(String path, Encoding encoding, Int32 bufferSize)
   at System.IO.StreamReader..ctor(String path)
   at Prorigo.Plm.DataMigration.IO.TypeDataFileReader.ReadAllEntities[T](String typeName, String searchPattern, Boolean loadAdditionalColumns)+MoveNext() in D:\DataMigration\Transformation\Transformation Project\Prorigo.DataMigration.Transformation\Prorigo.Plm.DataMigration.IO\TypeDataFileReader.cs:line 76
   at System.Linq.Lookup`2.Create(IEnumerable`1 source, Func`2 keySelector, IEqualityComparer`1 comparer)
   at System.Linq.GroupedEnumerable`2.GetEnumerator()
   at Prorigo.DataMigrationTransformation.Training.PartTransformer.SetGeneration(IEnumerable`1 fileReadEntity, List`1 fileREntity) in D:\DataMigration\Transformation\Transformation Project\Prorigo.DataMigration.Transformation\Prorigo.DataMigrationTransformation.Training\PartTransformer.cs:line 197
   at Prorigo.DataMigrationTransformation.Training.PartTransformer.PartMeta(String transformName) in D:\DataMigration\Transformation\Transformation Project\Prorigo.DataMigration.Transformation\Prorigo.DataMigrationTransformation.Training\PartTransformer.cs:line 143
   at Prorigo.DataMigrationTransformation.Training.PartTransformer.Transform() in D:\DataMigration\Transformation\Transformation Project\Prorigo.DataMigration.Transformation\Prorigo.DataMigrationTransformation.Training\PartTransformer.cs:line 45
   at Prorigo.DataMigrationTransformation.Training.Program.<>c.<<Main>b__0_0>d.MoveNext() in D:\DataMigration\Transformation\Transformation Project\Prorigo.DataMigration.Transformation\Prorigo.DataMigrationTransformation.Training\Program.cs:line 54
2024-09-24 19:02:47.898 +05:30 [Error] The process cannot access the file 'D:\DataMigration\Transformation\Transformation Project\Assignment 2 1\Assignment 2 1\Assignment 2\Datafiles\PART\FMD_PART_2024-09-24 19-02-47_0.tsv' because it is being used by another process.
System.IO.IOException: The process cannot access the file 'D:\DataMigration\Transformation\Transformation Project\Assignment 2 1\Assignment 2 1\Assignment 2\Datafiles\PART\FMD_PART_2024-09-24 19-02-47_0.tsv' because it is being used by another process.
   at System.IO.FileStream.ValidateFileHandle(SafeFileHandle fileHandle)
   at System.IO.FileStream.CreateFileOpenHandle(FileMode mode, FileShare share, FileOptions options)
   at System.IO.FileStream..ctor(String path, FileMode mode, FileAccess access, FileShare share, Int32 bufferSize, FileOptions options)
   at System.IO.StreamReader.ValidateArgsAndOpenPath(String path, Encoding encoding, Int32 bufferSize)
   at System.IO.StreamReader..ctor(String path)
   at Prorigo.Plm.DataMigration.IO.TypeDataFileReader.ReadAllEntities[T](String typeName, String searchPattern, Boolean loadAdditionalColumns)+MoveNext() in D:\DataMigration\Transformation\Transformation Project\Prorigo.DataMigration.Transformation\Prorigo.Plm.DataMigration.IO\TypeDataFileReader.cs:line 76
   at System.Linq.Lookup`2.Create(IEnumerable`1 source, Func`2 keySelector, IEqualityComparer`1 comparer)
   at System.Linq.GroupedEnumerable`2.GetEnumerator()
   at Prorigo.DataMigrationTransformation.Training.PartTransformer.SetGeneration(IEnumerable`1 fileReadEntity, List`1 fileREntity) in D:\DataMigration\Transformation\Transformation Project\Prorigo.DataMigration.Transformation\Prorigo.DataMigrationTransformation.Training\PartTransformer.cs:line 197
   at Prorigo.DataMigrationTransformation.Training.PartTransformer.PartMeta(String transformName) in D:\DataMigration\Transformation\Transformation Project\Prorigo.DataMigration.Transformation\Prorigo.DataMigrationTransformation.Training\PartTransformer.cs:line 143
   at Prorigo.DataMigrationTransformation.Training.PartTransformer.Transform() in D:\DataMigration\Transformation\Transformation Project\Prorigo.DataMigration.Transformation\Prorigo.DataMigrationTransformation.Training\PartTransformer.cs:line 45
   at Prorigo.DataMigrationTransformation.Training.Program.<>c.<<Main>b__0_0>d.MoveNext() in D:\DataMigration\Transformation\Transformation Project\Prorigo.DataMigration.Transformation\Prorigo.DataMigrationTransformation.Training\Program.cs:line 54
2024-09-24 19:03:59.759 +05:30 [Error] The process cannot access the file 'D:\DataMigration\Transformation\Transformation Project\Assignment 2 1\Assignment 2 1\Assignment 2\Datafiles\PART\FMD_PART_2024-09-24 19-03-59_0.tsv' because it is being used by another process.
System.IO.IOException: The process cannot access the file 'D:\DataMigration\Transformation\Transformation Project\Assignment 2 1\Assignment 2 1\Assignment 2\Datafiles\PART\FMD_PART_2024-09-24 19-03-59_0.tsv' because it is being used by another process.
   at System.IO.FileStream.ValidateFileHandle(SafeFileHandle fileHandle)
   at System.IO.FileStream.CreateFileOpenHandle(FileMode mode, FileShare share, FileOptions options)
   at System.IO.FileStream..ctor(String path, FileMode mode, FileAccess access, FileShare share, Int32 bufferSize, FileOptions options)
   at System.IO.StreamReader.ValidateArgsAndOpenPath(String path, Encoding encoding, Int32 bufferSize)
   at System.IO.StreamReader..ctor(String path)
   at Prorigo.Plm.DataMigration.IO.TypeDataFileReader.ReadAllEntities[T](String typeName, String searchPattern, Boolean loadAdditionalColumns)+MoveNext() in D:\DataMigration\Transformation\Transformation Project\Prorigo.DataMigration.Transformation\Prorigo.Plm.DataMigration.IO\TypeDataFileReader.cs:line 76
   at System.Linq.Lookup`2.Create(IEnumerable`1 source, Func`2 keySelector, IEqualityComparer`1 comparer)
   at System.Linq.GroupedEnumerable`2.GetEnumerator()
   at Prorigo.DataMigrationTransformation.Training.PartTransformer.SetGeneration(IEnumerable`1 fileReadEntity, List`1 fileREntity) in D:\DataMigration\Transformation\Transformation Project\Prorigo.DataMigration.Transformation\Prorigo.DataMigrationTransformation.Training\PartTransformer.cs:line 197
   at Prorigo.DataMigrationTransformation.Training.PartTransformer.PartMeta(String transformName) in D:\DataMigration\Transformation\Transformation Project\Prorigo.DataMigration.Transformation\Prorigo.DataMigrationTransformation.Training\PartTransformer.cs:line 143
   at Prorigo.DataMigrationTransformation.Training.PartTransformer.Transform() in D:\DataMigration\Transformation\Transformation Project\Prorigo.DataMigration.Transformation\Prorigo.DataMigrationTransformation.Training\PartTransformer.cs:line 45
   at Prorigo.DataMigrationTransformation.Training.Program.<>c.<<Main>b__0_0>d.MoveNext() in D:\DataMigration\Transformation\Transformation Project\Prorigo.DataMigration.Transformation\Prorigo.DataMigrationTransformation.Training\Program.cs:line 54
2024-09-24 19:04:46.846 +05:30 [Error] The process cannot access the file 'D:\DataMigration\Transformation\Transformation Project\Assignment 2 1\Assignment 2 1\Assignment 2\Datafiles\PART\FMD_PART_2024-09-24 19-04-46_0.tsv' because it is being used by another process.
System.IO.IOException: The process cannot access the file 'D:\DataMigration\Transformation\Transformation Project\Assignment 2 1\Assignment 2 1\Assignment 2\Datafiles\PART\FMD_PART_2024-09-24 19-04-46_0.tsv' because it is being used by another process.
   at System.IO.FileStream.ValidateFileHandle(SafeFileHandle fileHandle)
   at System.IO.FileStream.CreateFileOpenHandle(FileMode mode, FileShare share, FileOptions options)
   at System.IO.FileStream..ctor(String path, FileMode mode, FileAccess access, FileShare share, Int32 bufferSize, FileOptions options)
   at System.IO.StreamReader.ValidateArgsAndOpenPath(String path, Encoding encoding, Int32 bufferSize)
   at System.IO.StreamReader..ctor(String path)
   at Prorigo.Plm.DataMigration.IO.TypeDataFileReader.ReadAllEntities[T](String typeName, String searchPattern, Boolean loadAdditionalColumns)+MoveNext() in D:\DataMigration\Transformation\Transformation Project\Prorigo.DataMigration.Transformation\Prorigo.Plm.DataMigration.IO\TypeDataFileReader.cs:line 76
   at System.Linq.Lookup`2.Create(IEnumerable`1 source, Func`2 keySelector, IEqualityComparer`1 comparer)
   at System.Linq.GroupedEnumerable`2.GetEnumerator()
   at Prorigo.DataMigrationTransformation.Training.PartTransformer.SetGeneration(IEnumerable`1 fileReadEntity, List`1 fileREntity) in D:\DataMigration\Transformation\Transformation Project\Prorigo.DataMigration.Transformation\Prorigo.DataMigrationTransformation.Training\PartTransformer.cs:line 197
   at Prorigo.DataMigrationTransformation.Training.PartTransformer.PartMeta(String transformName) in D:\DataMigration\Transformation\Transformation Project\Prorigo.DataMigration.Transformation\Prorigo.DataMigrationTransformation.Training\PartTransformer.cs:line 143
   at Prorigo.DataMigrationTransformation.Training.PartTransformer.Transform() in D:\DataMigration\Transformation\Transformation Project\Prorigo.DataMigration.Transformation\Prorigo.DataMigrationTransformation.Training\PartTransformer.cs:line 45
   at Prorigo.DataMigrationTransformation.Training.Program.<>c.<<Main>b__0_0>d.MoveNext() in D:\DataMigration\Transformation\Transformation Project\Prorigo.DataMigration.Transformation\Prorigo.DataMigrationTransformation.Training\Program.cs:line 54
2024-09-24 19:07:23.770 +05:30 [Error] The process cannot access the file 'D:\DataMigration\Transformation\Transformation Project\Assignment 2 1\Assignment 2 1\Assignment 2\Datafiles\PART\FMD_PART_2024-09-24 19-07-23_0.tsv' because it is being used by another process.
System.IO.IOException: The process cannot access the file 'D:\DataMigration\Transformation\Transformation Project\Assignment 2 1\Assignment 2 1\Assignment 2\Datafiles\PART\FMD_PART_2024-09-24 19-07-23_0.tsv' because it is being used by another process.
   at System.IO.FileStream.ValidateFileHandle(SafeFileHandle fileHandle)
   at System.IO.FileStream.CreateFileOpenHandle(FileMode mode, FileShare share, FileOptions options)
   at System.IO.FileStream..ctor(String path, FileMode mode, FileAccess access, FileShare share, Int32 bufferSize, FileOptions options)
   at System.IO.StreamReader.ValidateArgsAndOpenPath(String path, Encoding encoding, Int32 bufferSize)
   at System.IO.StreamReader..ctor(String path)
   at Prorigo.Plm.DataMigration.IO.TypeDataFileReader.ReadAllEntities[T](String typeName, String searchPattern, Boolean loadAdditionalColumns)+MoveNext() in D:\DataMigration\Transformation\Transformation Project\Prorigo.DataMigration.Transformation\Prorigo.Plm.DataMigration.IO\TypeDataFileReader.cs:line 76
   at System.Linq.Lookup`2.Create(IEnumerable`1 source, Func`2 keySelector, IEqualityComparer`1 comparer)
   at System.Linq.GroupedEnumerable`2.GetEnumerator()
   at Prorigo.DataMigrationTransformation.Training.PartTransformer.SetGeneration(IEnumerable`1 fileReadEntity, List`1 fileREntity) in D:\DataMigration\Transformation\Transformation Project\Prorigo.DataMigration.Transformation\Prorigo.DataMigrationTransformation.Training\PartTransformer.cs:line 197
   at Prorigo.DataMigrationTransformation.Training.PartTransformer.PartMeta(String transformName) in D:\DataMigration\Transformation\Transformation Project\Prorigo.DataMigration.Transformation\Prorigo.DataMigrationTransformation.Training\PartTransformer.cs:line 143
   at Prorigo.DataMigrationTransformation.Training.PartTransformer.Transform() in D:\DataMigration\Transformation\Transformation Project\Prorigo.DataMigration.Transformation\Prorigo.DataMigrationTransformation.Training\PartTransformer.cs:line 45
   at Prorigo.DataMigrationTransformation.Training.Program.<>c.<<Main>b__0_0>d.MoveNext() in D:\DataMigration\Transformation\Transformation Project\Prorigo.DataMigration.Transformation\Prorigo.DataMigrationTransformation.Training\Program.cs:line 54
2024-09-24 19:09:32.733 +05:30 [Error] The process cannot access the file 'D:\DataMigration\Transformation\Transformation Project\Assignment 2 1\Assignment 2 1\Assignment 2\Datafiles\PART\FMD_PART_2024-09-24 19-09-32_0.tsv' because it is being used by another process.
System.IO.IOException: The process cannot access the file 'D:\DataMigration\Transformation\Transformation Project\Assignment 2 1\Assignment 2 1\Assignment 2\Datafiles\PART\FMD_PART_2024-09-24 19-09-32_0.tsv' because it is being used by another process.
   at System.IO.FileStream.ValidateFileHandle(SafeFileHandle fileHandle)
   at System.IO.FileStream.CreateFileOpenHandle(FileMode mode, FileShare share, FileOptions options)
   at System.IO.FileStream..ctor(String path, FileMode mode, FileAccess access, FileShare share, Int32 bufferSize, FileOptions options)
   at System.IO.StreamReader.ValidateArgsAndOpenPath(String path, Encoding encoding, Int32 bufferSize)
   at System.IO.StreamReader..ctor(String path)
   at Prorigo.Plm.DataMigration.IO.TypeDataFileReader.ReadAllEntities[T](String typeName, String searchPattern, Boolean loadAdditionalColumns)+MoveNext() in D:\DataMigration\Transformation\Transformation Project\Prorigo.DataMigration.Transformation\Prorigo.Plm.DataMigration.IO\TypeDataFileReader.cs:line 76
   at System.Linq.Lookup`2.Create(IEnumerable`1 source, Func`2 keySelector, IEqualityComparer`1 comparer)
   at System.Linq.GroupedEnumerable`2.GetEnumerator()
   at Prorigo.DataMigrationTransformation.Training.PartTransformer.SetGeneration(IEnumerable`1 fileReadEntity, List`1 fileREntity) in D:\DataMigration\Transformation\Transformation Project\Prorigo.DataMigration.Transformation\Prorigo.DataMigrationTransformation.Training\PartTransformer.cs:line 197
   at Prorigo.DataMigrationTransformation.Training.PartTransformer.PartMeta(String transformName) in D:\DataMigration\Transformation\Transformation Project\Prorigo.DataMigration.Transformation\Prorigo.DataMigrationTransformation.Training\PartTransformer.cs:line 143
   at Prorigo.DataMigrationTransformation.Training.PartTransformer.Transform() in D:\DataMigration\Transformation\Transformation Project\Prorigo.DataMigration.Transformation\Prorigo.DataMigrationTransformation.Training\PartTransformer.cs:line 45
   at Prorigo.DataMigrationTransformation.Training.Program.<>c.<<Main>b__0_0>d.MoveNext() in D:\DataMigration\Transformation\Transformation Project\Prorigo.DataMigration.Transformation\Prorigo.DataMigrationTransformation.Training\Program.cs:line 54
2024-09-24 19:10:43.521 +05:30 [Error] The process cannot access the file 'D:\DataMigration\Transformation\Transformation Project\Assignment 2 1\Assignment 2 1\Assignment 2\Datafiles\PART\FMD_PART_2024-09-24 19-10-43_0.tsv' because it is being used by another process.
System.IO.IOException: The process cannot access the file 'D:\DataMigration\Transformation\Transformation Project\Assignment 2 1\Assignment 2 1\Assignment 2\Datafiles\PART\FMD_PART_2024-09-24 19-10-43_0.tsv' because it is being used by another process.
   at System.IO.FileStream.ValidateFileHandle(SafeFileHandle fileHandle)
   at System.IO.FileStream.CreateFileOpenHandle(FileMode mode, FileShare share, FileOptions options)
   at System.IO.FileStream..ctor(String path, FileMode mode, FileAccess access, FileShare share, Int32 bufferSize, FileOptions options)
   at System.IO.StreamReader.ValidateArgsAndOpenPath(String path, Encoding encoding, Int32 bufferSize)
   at System.IO.StreamReader..ctor(String path)
   at Prorigo.Plm.DataMigration.IO.TypeDataFileReader.ReadAllEntities[T](String typeName, String searchPattern, Boolean loadAdditionalColumns)+MoveNext() in D:\DataMigration\Transformation\Transformation Project\Prorigo.DataMigration.Transformation\Prorigo.Plm.DataMigration.IO\TypeDataFileReader.cs:line 76
   at System.Linq.Lookup`2.Create(IEnumerable`1 source, Func`2 keySelector, IEqualityComparer`1 comparer)
   at System.Linq.GroupedEnumerable`2.GetEnumerator()
   at Prorigo.DataMigrationTransformation.Training.PartTransformer.SetGeneration(IEnumerable`1 fileReadEntity, List`1 fileREntity) in D:\DataMigration\Transformation\Transformation Project\Prorigo.DataMigration.Transformation\Prorigo.DataMigrationTransformation.Training\PartTransformer.cs:line 197
   at Prorigo.DataMigrationTransformation.Training.PartTransformer.PartMeta(String transformName) in D:\DataMigration\Transformation\Transformation Project\Prorigo.DataMigration.Transformation\Prorigo.DataMigrationTransformation.Training\PartTransformer.cs:line 143
   at Prorigo.DataMigrationTransformation.Training.PartTransformer.Transform() in D:\DataMigration\Transformation\Transformation Project\Prorigo.DataMigration.Transformation\Prorigo.DataMigrationTransformation.Training\PartTransformer.cs:line 45
   at Prorigo.DataMigrationTransformation.Training.Program.<>c.<<Main>b__0_0>d.MoveNext() in D:\DataMigration\Transformation\Transformation Project\Prorigo.DataMigration.Transformation\Prorigo.DataMigrationTransformation.Training\Program.cs:line 54
2024-09-24 19:14:19.629 +05:30 [Error] The process cannot access the file 'D:\DataMigration\Transformation\Transformation Project\Assignment 2 1\Assignment 2 1\Assignment 2\Datafiles\PART\FMD_PART_2024-09-24 19-14-08_0.tsv' because it is being used by another process.
System.IO.IOException: The process cannot access the file 'D:\DataMigration\Transformation\Transformation Project\Assignment 2 1\Assignment 2 1\Assignment 2\Datafiles\PART\FMD_PART_2024-09-24 19-14-08_0.tsv' because it is being used by another process.
   at System.IO.FileStream.ValidateFileHandle(SafeFileHandle fileHandle)
   at System.IO.FileStream.CreateFileOpenHandle(FileMode mode, FileShare share, FileOptions options)
   at System.IO.FileStream..ctor(String path, FileMode mode, FileAccess access, FileShare share, Int32 bufferSize, FileOptions options)
   at System.IO.StreamReader.ValidateArgsAndOpenPath(String path, Encoding encoding, Int32 bufferSize)
   at System.IO.StreamReader..ctor(String path)
   at Prorigo.Plm.DataMigration.IO.TypeDataFileReader.ReadAllEntities[T](String typeName, String searchPattern, Boolean loadAdditionalColumns)+MoveNext() in D:\DataMigration\Transformation\Transformation Project\Prorigo.DataMigration.Transformation\Prorigo.Plm.DataMigration.IO\TypeDataFileReader.cs:line 76
   at System.Linq.Lookup`2.Create(IEnumerable`1 source, Func`2 keySelector, IEqualityComparer`1 comparer)
   at System.Linq.GroupedEnumerable`2.GetEnumerator()
   at Prorigo.DataMigrationTransformation.Training.PartTransformer.SetGeneration(IEnumerable`1 fileReadEntity, List`1 fileREntity) in D:\DataMigration\Transformation\Transformation Project\Prorigo.DataMigration.Transformation\Prorigo.DataMigrationTransformation.Training\PartTransformer.cs:line 197
   at Prorigo.DataMigrationTransformation.Training.PartTransformer.PartMeta(String transformName) in D:\DataMigration\Transformation\Transformation Project\Prorigo.DataMigration.Transformation\Prorigo.DataMigrationTransformation.Training\PartTransformer.cs:line 143
   at Prorigo.DataMigrationTransformation.Training.PartTransformer.Transform() in D:\DataMigration\Transformation\Transformation Project\Prorigo.DataMigration.Transformation\Prorigo.DataMigrationTransformation.Training\PartTransformer.cs:line 45
   at Prorigo.DataMigrationTransformation.Training.Program.<>c.<<Main>b__0_0>d.MoveNext() in D:\DataMigration\Transformation\Transformation Project\Prorigo.DataMigration.Transformation\Prorigo.DataMigrationTransformation.Training\Program.cs:line 54
