2025-04-15 19:08:30.001 +05:30 [Error] Index was outside the bounds of the array.
System.IndexOutOfRangeException: Index was outside the bounds of the array.
   at Prorigo.DataMigrationTransformation.OTIS.EBOMInOutExtractDataTransformer.<>c__DisplayClass8_0.<TransformFile>b__1(Int32 index) in D:\DataMigrationProject\OTIS_Transformation_New\OTIS_Transformation\Prorigo.DataMigration.Transformation\Prorigo.DataMigrationTransformation.OTIS\EBOMInOutExtractDataTransformer.cs:line 176
   at System.Linq.Enumerable.SelectListIterator`2.ToArray()
   at System.Linq.Enumerable.ToArray[TSource](IEnumerable`1 source)
   at Prorigo.DataMigrationTransformation.OTIS.EBOMInOutExtractDataTransformer.TransformFile(String fileNameWithPath) in D:\DataMigrationProject\OTIS_Transformation_New\OTIS_Transformation\Prorigo.DataMigration.Transformation\Prorigo.DataMigrationTransformation.OTIS\EBOMInOutExtractDataTransformer.cs:line 176
   at Prorigo.DataMigrationTransformation.OTIS.EBOMInOutExtractDataTransformer.TransformExcelFiles(String directoryName) in D:\DataMigrationProject\OTIS_Transformation_New\OTIS_Transformation\Prorigo.DataMigration.Transformation\Prorigo.DataMigrationTransformation.OTIS\EBOMInOutExtractDataTransformer.cs:line 58
   at Prorigo.DataMigrationTransformation.OTIS.EBOMInOutExtractDataTransformer.Transform(String LicenseKey) in D:\DataMigrationProject\OTIS_Transformation_New\OTIS_Transformation\Prorigo.DataMigration.Transformation\Prorigo.DataMigrationTransformation.OTIS\EBOMInOutExtractDataTransformer.cs:line 41
   at Prorigo.DataMigrationTransformation.OTIS.Program.<>c.<<Main>b__0_0>d.MoveNext() in D:\DataMigrationProject\OTIS_Transformation_New\OTIS_Transformation\Prorigo.DataMigration.Transformation\Prorigo.DataMigrationTransformation.OTIS\Program.cs:line 91
2025-04-15 19:10:31.331 +05:30 [Error] Index was outside the bounds of the array.
System.IndexOutOfRangeException: Index was outside the bounds of the array.
   at Prorigo.DataMigrationTransformation.OTIS.EBOMInOutExtractDataTransformer.<>c__DisplayClass8_0.<TransformFile>b__1(Int32 index) in D:\DataMigrationProject\OTIS_Transformation_New\OTIS_Transformation\Prorigo.DataMigration.Transformation\Prorigo.DataMigrationTransformation.OTIS\EBOMInOutExtractDataTransformer.cs:line 176
   at System.Linq.Enumerable.SelectListIterator`2.ToArray()
   at System.Linq.Enumerable.ToArray[TSource](IEnumerable`1 source)
   at Prorigo.DataMigrationTransformation.OTIS.EBOMInOutExtractDataTransformer.TransformFile(String fileNameWithPath) in D:\DataMigrationProject\OTIS_Transformation_New\OTIS_Transformation\Prorigo.DataMigration.Transformation\Prorigo.DataMigrationTransformation.OTIS\EBOMInOutExtractDataTransformer.cs:line 176
   at Prorigo.DataMigrationTransformation.OTIS.EBOMInOutExtractDataTransformer.TransformExcelFiles(String directoryName) in D:\DataMigrationProject\OTIS_Transformation_New\OTIS_Transformation\Prorigo.DataMigration.Transformation\Prorigo.DataMigrationTransformation.OTIS\EBOMInOutExtractDataTransformer.cs:line 58
   at Prorigo.DataMigrationTransformation.OTIS.EBOMInOutExtractDataTransformer.Transform(String LicenseKey) in D:\DataMigrationProject\OTIS_Transformation_New\OTIS_Transformation\Prorigo.DataMigration.Transformation\Prorigo.DataMigrationTransformation.OTIS\EBOMInOutExtractDataTransformer.cs:line 41
   at Prorigo.DataMigrationTransformation.OTIS.Program.<>c.<<Main>b__0_0>d.MoveNext() in D:\DataMigrationProject\OTIS_Transformation_New\OTIS_Transformation\Prorigo.DataMigration.Transformation\Prorigo.DataMigrationTransformation.OTIS\Program.cs:line 91
2025-04-15 19:29:23.364 +05:30 [Error] Index was outside the bounds of the array.
System.IndexOutOfRangeException: Index was outside the bounds of the array.
   at Prorigo.DataMigrationTransformation.OTIS.EBOMInOutExtractDataTransformer.TransformFile(String fileNameWithPath) in D:\DataMigrationProject\OTIS_Transformation_New\OTIS_Transformation\Prorigo.DataMigration.Transformation\Prorigo.DataMigrationTransformation.OTIS\EBOMInOutExtractDataTransformer.cs:line 175
   at Prorigo.DataMigrationTransformation.OTIS.EBOMInOutExtractDataTransformer.TransformExcelFiles(String directoryName) in D:\DataMigrationProject\OTIS_Transformation_New\OTIS_Transformation\Prorigo.DataMigration.Transformation\Prorigo.DataMigrationTransformation.OTIS\EBOMInOutExtractDataTransformer.cs:line 58
   at Prorigo.DataMigrationTransformation.OTIS.EBOMInOutExtractDataTransformer.Transform(String LicenseKey) in D:\DataMigrationProject\OTIS_Transformation_New\OTIS_Transformation\Prorigo.DataMigration.Transformation\Prorigo.DataMigrationTransformation.OTIS\EBOMInOutExtractDataTransformer.cs:line 41
   at Prorigo.DataMigrationTransformation.OTIS.Program.<>c.<<Main>b__0_0>d.MoveNext() in D:\DataMigrationProject\OTIS_Transformation_New\OTIS_Transformation\Prorigo.DataMigration.Transformation\Prorigo.DataMigrationTransformation.OTIS\Program.cs:line 91
2025-04-15 19:42:06.837 +05:30 [Error] Index was outside the bounds of the array.
System.IndexOutOfRangeException: Index was outside the bounds of the array.
   at Prorigo.DataMigrationTransformation.OTIS.EBOMInOutExtractDataTransformer.TransformFile(String fileNameWithPath) in D:\DataMigrationProject\OTIS_Transformation_New\OTIS_Transformation\Prorigo.DataMigration.Transformation\Prorigo.DataMigrationTransformation.OTIS\EBOMInOutExtractDataTransformer.cs:line 177
   at Prorigo.DataMigrationTransformation.OTIS.EBOMInOutExtractDataTransformer.TransformExcelFiles(String directoryName) in D:\DataMigrationProject\OTIS_Transformation_New\OTIS_Transformation\Prorigo.DataMigration.Transformation\Prorigo.DataMigrationTransformation.OTIS\EBOMInOutExtractDataTransformer.cs:line 58
   at Prorigo.DataMigrationTransformation.OTIS.EBOMInOutExtractDataTransformer.Transform(String LicenseKey) in D:\DataMigrationProject\OTIS_Transformation_New\OTIS_Transformation\Prorigo.DataMigration.Transformation\Prorigo.DataMigrationTransformation.OTIS\EBOMInOutExtractDataTransformer.cs:line 41
   at Prorigo.DataMigrationTransformation.OTIS.Program.<>c.<<Main>b__0_0>d.MoveNext() in D:\DataMigrationProject\OTIS_Transformation_New\OTIS_Transformation\Prorigo.DataMigration.Transformation\Prorigo.DataMigrationTransformation.OTIS\Program.cs:line 91
2025-04-15 19:43:43.105 +05:30 [Error] Index was outside the bounds of the array.
System.IndexOutOfRangeException: Index was outside the bounds of the array.
   at Prorigo.DataMigrationTransformation.OTIS.EBOMInOutExtractDataTransformer.TransformFile(String fileNameWithPath) in D:\DataMigrationProject\OTIS_Transformation_New\OTIS_Transformation\Prorigo.DataMigration.Transformation\Prorigo.DataMigrationTransformation.OTIS\EBOMInOutExtractDataTransformer.cs:line 177
   at Prorigo.DataMigrationTransformation.OTIS.EBOMInOutExtractDataTransformer.TransformExcelFiles(String directoryName) in D:\DataMigrationProject\OTIS_Transformation_New\OTIS_Transformation\Prorigo.DataMigration.Transformation\Prorigo.DataMigrationTransformation.OTIS\EBOMInOutExtractDataTransformer.cs:line 58
   at Prorigo.DataMigrationTransformation.OTIS.EBOMInOutExtractDataTransformer.Transform(String LicenseKey) in D:\DataMigrationProject\OTIS_Transformation_New\OTIS_Transformation\Prorigo.DataMigration.Transformation\Prorigo.DataMigrationTransformation.OTIS\EBOMInOutExtractDataTransformer.cs:line 41
   at Prorigo.DataMigrationTransformation.OTIS.Program.<>c.<<Main>b__0_0>d.MoveNext() in D:\DataMigrationProject\OTIS_Transformation_New\OTIS_Transformation\Prorigo.DataMigration.Transformation\Prorigo.DataMigrationTransformation.OTIS\Program.cs:line 91
