2024-10-18 12:03:42.127 +05:30 [Error] An item with the same key has already been added. Key: Normal
System.ArgumentException: An item with the same key has already been added. Key: Normal
   at System.Collections.Generic.Dictionary`2.TryInsert(TKey key, TValue value, InsertionBehavior behavior)
   at System.Collections.Generic.Dictionary`2.Add(TKey key, TValue value)
   at Prorigo.DataMigrationTransformation.Training.FeatureOptionTransformer.defaultFunction(String transformName) in D:\DataMigration\Transformation\Transformation Project\Prorigo.DataMigration.Transformation\Prorigo.DataMigrationTransformation.Training\FeatureOptionTransformer.cs:line 175
   at Prorigo.DataMigrationTransformation.Training.FeatureOptionTransformer.Transform() in D:\DataMigration\Transformation\Transformation Project\Prorigo.DataMigration.Transformation\Prorigo.DataMigrationTransformation.Training\FeatureOptionTransformer.cs:line 46
   at Prorigo.DataMigrationTransformation.Training.Program.<>c.<<Main>b__0_0>d.MoveNext() in D:\DataMigration\Transformation\Transformation Project\Prorigo.DataMigration.Transformation\Prorigo.DataMigrationTransformation.Training\Program.cs:line 55
2024-10-18 12:04:57.390 +05:30 [Error] An item with the same key has already been added. Key: Normal
System.ArgumentException: An item with the same key has already been added. Key: Normal
   at System.Collections.Generic.Dictionary`2.TryInsert(TKey key, TValue value, InsertionBehavior behavior)
   at System.Collections.Generic.Dictionary`2.Add(TKey key, TValue value)
   at Prorigo.DataMigrationTransformation.Training.FeatureOptionTransformer.defaultFunction(String transformName) in D:\DataMigration\Transformation\Transformation Project\Prorigo.DataMigration.Transformation\Prorigo.DataMigrationTransformation.Training\FeatureOptionTransformer.cs:line 175
   at Prorigo.DataMigrationTransformation.Training.FeatureOptionTransformer.Transform() in D:\DataMigration\Transformation\Transformation Project\Prorigo.DataMigration.Transformation\Prorigo.DataMigrationTransformation.Training\FeatureOptionTransformer.cs:line 46
   at Prorigo.DataMigrationTransformation.Training.Program.<>c.<<Main>b__0_0>d.MoveNext() in D:\DataMigration\Transformation\Transformation Project\Prorigo.DataMigration.Transformation\Prorigo.DataMigrationTransformation.Training\Program.cs:line 55
2024-10-18 12:10:38.167 +05:30 [Error] An item with the same key has already been added. Key: Normal
System.ArgumentException: An item with the same key has already been added. Key: Normal
   at System.Collections.Generic.Dictionary`2.TryInsert(TKey key, TValue value, InsertionBehavior behavior)
   at System.Collections.Generic.Dictionary`2.Add(TKey key, TValue value)
   at Prorigo.DataMigrationTransformation.Training.FeatureOptionTransformer.defaultFunction(String transformName) in D:\DataMigration\Transformation\Transformation Project\Prorigo.DataMigration.Transformation\Prorigo.DataMigrationTransformation.Training\FeatureOptionTransformer.cs:line 175
   at Prorigo.DataMigrationTransformation.Training.FeatureOptionTransformer.Transform() in D:\DataMigration\Transformation\Transformation Project\Prorigo.DataMigration.Transformation\Prorigo.DataMigrationTransformation.Training\FeatureOptionTransformer.cs:line 46
   at Prorigo.DataMigrationTransformation.Training.Program.<>c.<<Main>b__0_0>d.MoveNext() in D:\DataMigration\Transformation\Transformation Project\Prorigo.DataMigration.Transformation\Prorigo.DataMigrationTransformation.Training\Program.cs:line 55
2024-10-18 12:17:44.021 +05:30 [Error] An item with the same key has already been added. Key: Normal
System.ArgumentException: An item with the same key has already been added. Key: Normal
   at System.Collections.Generic.Dictionary`2.TryInsert(TKey key, TValue value, InsertionBehavior behavior)
   at System.Collections.Generic.Dictionary`2.Add(TKey key, TValue value)
   at Prorigo.DataMigrationTransformation.Training.FeatureOptionTransformer.defaultFunction(String transformName)
   at Prorigo.DataMigrationTransformation.Training.FeatureOptionTransformer.Transform()
   at Prorigo.DataMigrationTransformation.Training.Program.<>c.<<Main>b__0_0>d.MoveNext()
2024-10-18 12:47:34.947 +05:30 [Error] The given key 'Type of CAR' was not present in the dictionary.
System.Collections.Generic.KeyNotFoundException: The given key 'Type of CAR' was not present in the dictionary.
   at System.Collections.Generic.Dictionary`2.get_Item(TKey key)
   at Prorigo.DataMigrationTransformation.Training.FeatureOptionTransformer.defaultFunction(String transformName) in D:\DataMigration\Transformation\Transformation Project\Prorigo.DataMigration.Transformation\Prorigo.DataMigrationTransformation.Training\FeatureOptionTransformer.cs:line 182
   at Prorigo.DataMigrationTransformation.Training.FeatureOptionTransformer.Transform() in D:\DataMigration\Transformation\Transformation Project\Prorigo.DataMigration.Transformation\Prorigo.DataMigrationTransformation.Training\FeatureOptionTransformer.cs:line 46
   at Prorigo.DataMigrationTransformation.Training.Program.<>c.<<Main>b__0_0>d.MoveNext() in D:\DataMigration\Transformation\Transformation Project\Prorigo.DataMigration.Transformation\Prorigo.DataMigrationTransformation.Training\Program.cs:line 55
2024-10-18 12:49:34.691 +05:30 [Error] The given key 'Type of CAR' was not present in the dictionary.
System.Collections.Generic.KeyNotFoundException: The given key 'Type of CAR' was not present in the dictionary.
   at System.Collections.Generic.Dictionary`2.get_Item(TKey key)
   at Prorigo.DataMigrationTransformation.Training.FeatureOptionTransformer.defaultFunction(String transformName) in D:\DataMigration\Transformation\Transformation Project\Prorigo.DataMigration.Transformation\Prorigo.DataMigrationTransformation.Training\FeatureOptionTransformer.cs:line 182
   at Prorigo.DataMigrationTransformation.Training.FeatureOptionTransformer.Transform() in D:\DataMigration\Transformation\Transformation Project\Prorigo.DataMigration.Transformation\Prorigo.DataMigrationTransformation.Training\FeatureOptionTransformer.cs:line 46
   at Prorigo.DataMigrationTransformation.Training.Program.<>c.<<Main>b__0_0>d.MoveNext() in D:\DataMigration\Transformation\Transformation Project\Prorigo.DataMigration.Transformation\Prorigo.DataMigrationTransformation.Training\Program.cs:line 55
2024-10-18 12:50:17.800 +05:30 [Error] The given key 'Type of CAR' was not present in the dictionary.
System.Collections.Generic.KeyNotFoundException: The given key 'Type of CAR' was not present in the dictionary.
   at System.Collections.Generic.Dictionary`2.get_Item(TKey key)
   at Prorigo.DataMigrationTransformation.Training.FeatureOptionTransformer.defaultFunction(String transformName) in D:\DataMigration\Transformation\Transformation Project\Prorigo.DataMigration.Transformation\Prorigo.DataMigrationTransformation.Training\FeatureOptionTransformer.cs:line 182
   at Prorigo.DataMigrationTransformation.Training.FeatureOptionTransformer.Transform() in D:\DataMigration\Transformation\Transformation Project\Prorigo.DataMigration.Transformation\Prorigo.DataMigrationTransformation.Training\FeatureOptionTransformer.cs:line 46
   at Prorigo.DataMigrationTransformation.Training.Program.<>c.<<Main>b__0_0>d.MoveNext() in D:\DataMigration\Transformation\Transformation Project\Prorigo.DataMigration.Transformation\Prorigo.DataMigrationTransformation.Training\Program.cs:line 55
2024-10-18 12:51:07.489 +05:30 [Error] The given key 'Type of CAR' was not present in the dictionary.
System.Collections.Generic.KeyNotFoundException: The given key 'Type of CAR' was not present in the dictionary.
   at System.Collections.Generic.Dictionary`2.get_Item(TKey key)
   at Prorigo.DataMigrationTransformation.Training.FeatureOptionTransformer.defaultFunction(String transformName) in D:\DataMigration\Transformation\Transformation Project\Prorigo.DataMigration.Transformation\Prorigo.DataMigrationTransformation.Training\FeatureOptionTransformer.cs:line 182
   at Prorigo.DataMigrationTransformation.Training.FeatureOptionTransformer.Transform() in D:\DataMigration\Transformation\Transformation Project\Prorigo.DataMigration.Transformation\Prorigo.DataMigrationTransformation.Training\FeatureOptionTransformer.cs:line 46
   at Prorigo.DataMigrationTransformation.Training.Program.<>c.<<Main>b__0_0>d.MoveNext() in D:\DataMigration\Transformation\Transformation Project\Prorigo.DataMigration.Transformation\Prorigo.DataMigrationTransformation.Training\Program.cs:line 55
