2023-12-07 12:45:42.047 +05:30 [Error] Exception has been thrown by the target of an invocation.
System.Exception: Failed to load row '15-10-1A2	HydraulicField&PlumbingInstallation	C	Released	Nicholson	D	DOC	EA		0	Eng	2006-06-05	2021-04-23		0' from file 'D:\NicTech  Required\All Tsv's\Part\PartTestingRecord\Output_EngParts_1[1640].tsv'
 ---> System.Reflection.TargetInvocationException: Exception has been thrown by the target of an invocation.
 ---> System.ArgumentOutOfRangeException: Length cannot be less than zero. (Parameter 'length')
   at System.String.Substring(Int32 startIndex, Int32 length)
   at Prorigo.Plm.EnoviaToArasTransformer.NicholsonProject.Entities.PartTemplateEntity.SetProperties(String dataRow) in D:\OwnPractice\plm-data_migration-master\EnoviaArasDataMigration\Prorigo.Plm.EnnoviaToArasTransformer.NicholsonProject\Entities\PartTemplateEntity.cs:line 103
   at Prorigo.Plm.EnoviaToArasTransformer.NicholsonProject.Entities.PartTemplateEntity..ctor(String dataRow) in D:\OwnPractice\plm-data_migration-master\EnoviaArasDataMigration\Prorigo.Plm.EnnoviaToArasTransformer.NicholsonProject\Entities\PartTemplateEntity.cs:line 56
   --- End of inner exception stack trace ---
   at System.RuntimeMethodHandle.InvokeMethod(Object target, Object[] arguments, Signature sig, Boolean constructor, Boolean wrapExceptions)
   at System.Reflection.RuntimeConstructorInfo.Invoke(BindingFlags invokeAttr, Binder binder, Object[] parameters, CultureInfo culture)
   at System.RuntimeType.CreateInstanceImpl(BindingFlags bindingAttr, Binder binder, Object[] args, CultureInfo culture)
   at System.Activator.CreateInstance(Type type, BindingFlags bindingAttr, Binder binder, Object[] args, CultureInfo culture, Object[] activationAttributes)
   at System.Activator.CreateInstance(Type type, Object[] args)
   at Prorigo.Plm.DataMigration.IO.TypeDataFileReader.ReadAllEntities[T](String typeName, Boolean loadAdditionalColumns)+MoveNext() in D:\OwnPractice\plm-data_migration-master\EnoviaArasDataMigration\Prorigo.Plm.DataMigration.IO\TypeDataFileReader.cs:line 182
   --- End of inner exception stack trace ---
   at Prorigo.Plm.DataMigration.IO.TypeDataFileReader.ReadAllEntities[T](String typeName, Boolean loadAdditionalColumns)+MoveNext() in D:\OwnPractice\plm-data_migration-master\EnoviaArasDataMigration\Prorigo.Plm.DataMigration.IO\TypeDataFileReader.cs:line 187
   at Prorigo.Plm.EnoviaToArasTransformer.NicholsonProject.PartTemplateNicTransformer.DefaultValueAdder(String transformName) in D:\OwnPractice\plm-data_migration-master\EnoviaArasDataMigration\Prorigo.Plm.EnnoviaToArasTransformer.NicholsonProject\PartTemplateNicTransformer.cs:line 64
   at Prorigo.Plm.EnoviaToArasTransformer.NicholsonProject.PartTemplateNicTransformer.Transform() in D:\OwnPractice\plm-data_migration-master\EnoviaArasDataMigration\Prorigo.Plm.EnnoviaToArasTransformer.NicholsonProject\PartTemplateNicTransformer.cs:line 42
   at Prorigo.Plm.EnoviaToArasTransformer.Demant.Program.<>c.<<Main>b__0_0>d.MoveNext() in D:\OwnPractice\plm-data_migration-master\EnoviaArasDataMigration\Prorigo.Plm.EnnoviaToArasTransformer.NicholsonProject\Program.cs:line 55
2023-12-07 15:25:03.755 +05:30 [Error] Column out of range
System.ArgumentException: Column out of range
   at OfficeOpenXml.ExcelRange.ValidateRowCol(Int32 Row, Int32 Col)
   at OfficeOpenXml.ExcelRange.get_Item(Int32 Row, Int32 Col)
   at Prorigo.Plm.EnoviaToArasTransformer.NicholsonProject.ExcelToTsvTrasnformer.TransformFile(String fileNameWithPath) in D:\OwnPractice\plm-data_migration-master\EnoviaArasDataMigration\Prorigo.Plm.EnnoviaToArasTransformer.NicholsonProject\ExcelToTsvTrasnformer.cs:line 105
   at Prorigo.Plm.EnoviaToArasTransformer.NicholsonProject.ExcelToTsvTrasnformer.TransformExcelFiles(String directoryName) in D:\OwnPractice\plm-data_migration-master\EnoviaArasDataMigration\Prorigo.Plm.EnnoviaToArasTransformer.NicholsonProject\ExcelToTsvTrasnformer.cs:line 53
   at Prorigo.Plm.EnoviaToArasTransformer.NicholsonProject.ExcelToTsvTrasnformer.Transform() in D:\OwnPractice\plm-data_migration-master\EnoviaArasDataMigration\Prorigo.Plm.EnnoviaToArasTransformer.NicholsonProject\ExcelToTsvTrasnformer.cs:line 44
   at Prorigo.Plm.EnoviaToArasTransformer.Demant.Program.<>c.<<Main>b__0_0>d.MoveNext() in D:\OwnPractice\plm-data_migration-master\EnoviaArasDataMigration\Prorigo.Plm.EnnoviaToArasTransformer.NicholsonProject\Program.cs:line 55
