2023-12-12 16:33:55.028 +05:30 [Error] Could not find a part of the path 'D:\Nic_IOM_APITest\Tushar\DataFile\FMDocument\Document\FilesMetadata'.
System.IO.DirectoryNotFoundException: Could not find a part of the path 'D:\Nic_IOM_APITest\Tushar\DataFile\FMDocument\Document\FilesMetadata'.
   at System.IO.Enumeration.FileSystemEnumerator`1.CreateDirectoryHandle(String path, Boolean ignoreNotFound)
   at System.IO.Enumeration.FileSystemEnumerator`1.Init()
   at System.IO.Enumeration.FileSystemEnumerator`1..ctor(String directory, Boolean isNormalized, EnumerationOptions options)
   at System.IO.Enumeration.FileSystemEnumerable`1..ctor(String directory, FindTransform transform, EnumerationOptions options, Boolean isNormalized)
   at System.IO.Enumeration.FileSystemEnumerableFactory.UserFiles(String directory, String expression, EnumerationOptions options)
   at System.IO.Directory.InternalEnumeratePaths(String path, String searchPattern, SearchTarget searchTarget, EnumerationOptions options)
   at System.IO.Directory.GetFiles(String path)
   at Prorigo.Plm.DataMigration.IO.TypeDataFileReader.ReadAllEntities[T,R](String typeName, Boolean loadAdditionalColumns) in D:\OwnPractice\plm-data_migration-master\EnoviaArasDataMigration\Prorigo.Plm.DataMigration.IO\TypeDataFileReader.cs:line 78
   at Prorigo.Plm.EnoviaToArasTransformer.NicholsonProject.NichFileTransformer.TransformFiles(String typeName) in D:\OwnPractice\plm-data_migration-master\EnoviaArasDataMigration\Prorigo.Plm.EnnoviaToArasTransformer.NicholsonProject\NichFileTransformer.cs:line 88
   at Prorigo.Plm.EnoviaToArasTransformer.NicholsonProject.NichFileTransformer.Transform() in D:\OwnPractice\plm-data_migration-master\EnoviaArasDataMigration\Prorigo.Plm.EnnoviaToArasTransformer.NicholsonProject\NichFileTransformer.cs:line 74
   at Prorigo.Plm.EnoviaToArasTransformer.Demant.Program.<>c.<<Main>b__0_0>d.MoveNext() in D:\OwnPractice\plm-data_migration-master\EnoviaArasDataMigration\Prorigo.Plm.EnnoviaToArasTransformer.NicholsonProject\Program.cs:line 55
2023-12-12 22:34:20.498 +05:30 [Error] Value cannot be null. (Parameter 'value')
System.AggregateException: One or more errors occurred. (Value cannot be null. (Parameter 'value'))
 ---> System.ArgumentNullException: Value cannot be null. (Parameter 'value')
   at System.String.IndexOf(String value, Int32 startIndex, Int32 count, StringComparison comparisonType)
   at System.String.IndexOf(String value)
   at Prorigo.Plm.EnoviaToArasTransformer.NicholsonProject.NichFileTransformer.TransformFileData(EnoviaFileEntity enoviaFileEntity, Dictionary`2 documentIDMap) in D:\OwnPractice\plm-data_migration-master\EnoviaArasDataMigration\Prorigo.Plm.EnnoviaToArasTransformer.NicholsonProject\NichFileTransformer.cs:line 206
   at Prorigo.Plm.EnoviaToArasTransformer.NicholsonProject.NichFileTransformer.<>c__DisplayClass19_0.<TransformFiles>b__1(EnoviaFileEntity enoviaFileEntity) in D:\OwnPractice\plm-data_migration-master\EnoviaArasDataMigration\Prorigo.Plm.EnnoviaToArasTransformer.NicholsonProject\NichFileTransformer.cs:line 136
   at System.Threading.Tasks.Parallel.<>c__DisplayClass33_0`2.<ForEachWorker>b__0(Int32 i)
   at System.Threading.Tasks.Parallel.<>c__DisplayClass19_0`1.<ForWorker>b__1(RangeWorker& currentWorker, Int32 timeout, Boolean& replicationDelegateYieldedBeforeCompletion)
--- End of stack trace from previous location where exception was thrown ---
   at System.Runtime.ExceptionServices.ExceptionDispatchInfo.Throw(Exception source)
   at System.Threading.Tasks.Parallel.<>c__DisplayClass19_0`1.<ForWorker>b__1(RangeWorker& currentWorker, Int32 timeout, Boolean& replicationDelegateYieldedBeforeCompletion)
   at System.Threading.Tasks.TaskReplicator.Replica`1.ExecuteAction(Boolean& yieldedBeforeCompletion)
   at System.Threading.Tasks.TaskReplicator.Replica.Execute()
   --- End of inner exception stack trace ---
   at System.Threading.Tasks.TaskReplicator.Run[TState](ReplicatableUserAction`1 action, ParallelOptions options, Boolean stopOnFirstFailure)
   at System.Threading.Tasks.Parallel.ForWorker[TLocal](Int32 fromInclusive, Int32 toExclusive, ParallelOptions parallelOptions, Action`1 body, Action`2 bodyWithState, Func`4 bodyWithLocal, Func`1 localInit, Action`1 localFinally)
--- End of stack trace from previous location where exception was thrown ---
   at System.Runtime.ExceptionServices.ExceptionDispatchInfo.Throw(Exception source)
   at System.Threading.Tasks.Parallel.ThrowSingleCancellationExceptionOrOtherException(ICollection exceptions, CancellationToken cancelToken, Exception otherException)
   at System.Threading.Tasks.Parallel.ForWorker[TLocal](Int32 fromInclusive, Int32 toExclusive, ParallelOptions parallelOptions, Action`1 body, Action`2 bodyWithState, Func`4 bodyWithLocal, Func`1 localInit, Action`1 localFinally)
   at System.Threading.Tasks.Parallel.ForEachWorker[TSource,TLocal](IList`1 list, ParallelOptions parallelOptions, Action`1 body, Action`2 bodyWithState, Action`3 bodyWithStateAndIndex, Func`4 bodyWithStateAndLocal, Func`5 bodyWithEverything, Func`1 localInit, Action`1 localFinally)
   at System.Threading.Tasks.Parallel.ForEachWorker[TSource,TLocal](IEnumerable`1 source, ParallelOptions parallelOptions, Action`1 body, Action`2 bodyWithState, Action`3 bodyWithStateAndIndex, Func`4 bodyWithStateAndLocal, Func`5 bodyWithEverything, Func`1 localInit, Action`1 localFinally)
   at System.Threading.Tasks.Parallel.ForEach[TSource](IEnumerable`1 source, Action`1 body)
   at Prorigo.Plm.EnoviaToArasTransformer.NicholsonProject.NichFileTransformer.TransformFiles(String typeName) in D:\OwnPractice\plm-data_migration-master\EnoviaArasDataMigration\Prorigo.Plm.EnnoviaToArasTransformer.NicholsonProject\NichFileTransformer.cs:line 134
   at Prorigo.Plm.EnoviaToArasTransformer.NicholsonProject.NichFileTransformer.Transform() in D:\OwnPractice\plm-data_migration-master\EnoviaArasDataMigration\Prorigo.Plm.EnnoviaToArasTransformer.NicholsonProject\NichFileTransformer.cs:line 74
   at Prorigo.Plm.EnoviaToArasTransformer.Demant.Program.<>c.<<Main>b__0_0>d.MoveNext() in D:\OwnPractice\plm-data_migration-master\EnoviaArasDataMigration\Prorigo.Plm.EnnoviaToArasTransformer.NicholsonProject\Program.cs:line 55
2023-12-12 22:43:58.075 +05:30 [Error] File does not exist at 'D:\Nic_IOM_APITest\Tushar\FileMigrationVault\FileMigrationVault\defaultuploadrootfolder\defaultuploadrootfolder_Folder_1' | DocumentId: 4D31BE3A527A484B9EC4E462ED2472E1
2023-12-12 22:45:27.280 +05:30 [Error] File does not exist at 'D:\Nic_IOM_APITest\Tushar\FileMigrationVault\FileMigrationVault\defaultuploadrootfolder\defaultuploadrootfolder_Folder_1' | DocumentId: 4D31BE3A527A484B9EC4E462ED2472E1
2023-12-12 22:46:11.580 +05:30 [Error] File does not exist at 'D:\Nic_IOM_APITest\Tushar\FileMigrationVault\FileMigrationVault\defaultuploadrootfolder\defaultuploadrootfolder_Folder_1' | DocumentId: 4D31BE3A527A484B9EC4E462ED2472E1
