2023-12-10 19:58:15.786 +05:30 [Error] Value cannot be null. (Parameter 'path2')
System.ArgumentNullException: Value cannot be null. (Parameter 'path2')
   at System.IO.Path.Combine(String path1, String path2)
   at Prorigo.Plm.DataMigration.IO.TypeDataFileWriter.set_TypeName(String value) in D:\OwnPractice\plm-data_migration-master\EnoviaArasDataMigration\Prorigo.Plm.DataMigration.IO\TypeDataFileWriter.cs:line 36
   at Prorigo.Plm.EnoviaToArasTransformer.NicholsonProject.DocumentTemplateTransformer.DefaultValueAdder(String transformName) in D:\OwnPractice\plm-data_migration-master\EnoviaArasDataMigration\Prorigo.Plm.EnnoviaToArasTransformer.NicholsonProject\DocumentTemplateTransformer.cs:line 47
   at Prorigo.Plm.EnoviaToArasTransformer.NicholsonProject.DocumentTemplateTransformer.Transform() in D:\OwnPractice\plm-data_migration-master\EnoviaArasDataMigration\Prorigo.Plm.EnnoviaToArasTransformer.NicholsonProject\DocumentTemplateTransformer.cs:line 39
   at Prorigo.Plm.EnoviaToArasTransformer.Demant.Program.<>c.<<Main>b__0_0>d.MoveNext() in D:\OwnPractice\plm-data_migration-master\EnoviaArasDataMigration\Prorigo.Plm.EnnoviaToArasTransformer.NicholsonProject\Program.cs:line 55
2023-12-10 20:29:27.099 +05:30 [Error] Value cannot be null. (Parameter 'path1')
System.ArgumentNullException: Value cannot be null. (Parameter 'path1')
   at System.IO.Path.Combine(String path1, String path2)
   at Prorigo.Plm.DataMigration.IO.TypeDataFileWriter.set_TypeName(String value) in D:\OwnPractice\plm-data_migration-master\EnoviaArasDataMigration\Prorigo.Plm.DataMigration.IO\TypeDataFileWriter.cs:line 36
   at Prorigo.Plm.EnoviaToArasTransformer.NicholsonProject.PartBOMRelTransformer.DefaultValueAdder(String transformName) in D:\OwnPractice\plm-data_migration-master\EnoviaArasDataMigration\Prorigo.Plm.EnnoviaToArasTransformer.NicholsonProject\PartBOMRelTransformer.cs:line 53
   at Prorigo.Plm.EnoviaToArasTransformer.NicholsonProject.PartBOMRelTransformer.Transform() in D:\OwnPractice\plm-data_migration-master\EnoviaArasDataMigration\Prorigo.Plm.EnnoviaToArasTransformer.NicholsonProject\PartBOMRelTransformer.cs:line 44
   at Prorigo.Plm.EnoviaToArasTransformer.Demant.Program.<>c.<<Main>b__0_0>d.MoveNext() in D:\OwnPractice\plm-data_migration-master\EnoviaArasDataMigration\Prorigo.Plm.EnnoviaToArasTransformer.NicholsonProject\Program.cs:line 55
2023-12-10 20:30:15.113 +05:30 [Error] Value cannot be null. (Parameter 'path1')
System.ArgumentNullException: Value cannot be null. (Parameter 'path1')
   at System.IO.Path.Combine(String path1, String path2)
   at Prorigo.Plm.DataMigration.IO.TypeDataFileWriter.set_TypeName(String value) in D:\OwnPractice\plm-data_migration-master\EnoviaArasDataMigration\Prorigo.Plm.DataMigration.IO\TypeDataFileWriter.cs:line 36
   at Prorigo.Plm.EnoviaToArasTransformer.NicholsonProject.PartBOMRelTransformer.DefaultValueAdder(String transformName) in D:\OwnPractice\plm-data_migration-master\EnoviaArasDataMigration\Prorigo.Plm.EnnoviaToArasTransformer.NicholsonProject\PartBOMRelTransformer.cs:line 53
   at Prorigo.Plm.EnoviaToArasTransformer.NicholsonProject.PartBOMRelTransformer.Transform() in D:\OwnPractice\plm-data_migration-master\EnoviaArasDataMigration\Prorigo.Plm.EnnoviaToArasTransformer.NicholsonProject\PartBOMRelTransformer.cs:line 44
   at Prorigo.Plm.EnoviaToArasTransformer.Demant.Program.<>c.<<Main>b__0_0>d.MoveNext() in D:\OwnPractice\plm-data_migration-master\EnoviaArasDataMigration\Prorigo.Plm.EnnoviaToArasTransformer.NicholsonProject\Program.cs:line 55
