2024-10-03 10:51:34.110 +05:30 [Error] The given key '1B0DBEBD3B6143428F83ED23CA183F24' was not present in the dictionary.
System.Collections.Generic.KeyNotFoundException: The given key '1B0DBEBD3B6143428F83ED23CA183F24' was not present in the dictionary.
   at System.Collections.Generic.Dictionary`2.get_Item(TKey key)
   at Prorigo.DataMigrationTransformation.Training.PartReadTransformer.PartReadMeta(String transformName) in D:\DataMigration\Transformation\Transformation Project\Prorigo.DataMigration.Transformation\Prorigo.DataMigrationTransformation.Training\PartReadTransformer.cs:line 92
   at Prorigo.DataMigrationTransformation.Training.PartReadTransformer.Transform() in D:\DataMigration\Transformation\Transformation Project\Prorigo.DataMigration.Transformation\Prorigo.DataMigrationTransformation.Training\PartReadTransformer.cs:line 48
   at Prorigo.DataMigrationTransformation.Training.Program.<>c.<<Main>b__0_0>d.MoveNext() in D:\DataMigration\Transformation\Transformation Project\Prorigo.DataMigration.Transformation\Prorigo.DataMigrationTransformation.Training\Program.cs:line 54
2024-10-03 10:51:55.616 +05:30 [Error] The given key '1B0DBEBD3B6143428F83ED23CA183F24' was not present in the dictionary.
System.Collections.Generic.KeyNotFoundException: The given key '1B0DBEBD3B6143428F83ED23CA183F24' was not present in the dictionary.
   at System.Collections.Generic.Dictionary`2.get_Item(TKey key)
   at Prorigo.DataMigrationTransformation.Training.PartReadTransformer.PartReadMeta(String transformName) in D:\DataMigration\Transformation\Transformation Project\Prorigo.DataMigration.Transformation\Prorigo.DataMigrationTransformation.Training\PartReadTransformer.cs:line 92
   at Prorigo.DataMigrationTransformation.Training.PartReadTransformer.Transform() in D:\DataMigration\Transformation\Transformation Project\Prorigo.DataMigration.Transformation\Prorigo.DataMigrationTransformation.Training\PartReadTransformer.cs:line 48
   at Prorigo.DataMigrationTransformation.Training.Program.<>c.<<Main>b__0_0>d.MoveNext() in D:\DataMigration\Transformation\Transformation Project\Prorigo.DataMigration.Transformation\Prorigo.DataMigrationTransformation.Training\Program.cs:line 54
2024-10-03 10:52:52.622 +05:30 [Error] The given key '1B0DBEBD3B6143428F83ED23CA183F24' was not present in the dictionary.
System.Collections.Generic.KeyNotFoundException: The given key '1B0DBEBD3B6143428F83ED23CA183F24' was not present in the dictionary.
   at System.Collections.Generic.Dictionary`2.get_Item(TKey key)
   at Prorigo.DataMigrationTransformation.Training.PartReadTransformer.PartReadMeta(String transformName) in D:\DataMigration\Transformation\Transformation Project\Prorigo.DataMigration.Transformation\Prorigo.DataMigrationTransformation.Training\PartReadTransformer.cs:line 92
   at Prorigo.DataMigrationTransformation.Training.PartReadTransformer.Transform() in D:\DataMigration\Transformation\Transformation Project\Prorigo.DataMigration.Transformation\Prorigo.DataMigrationTransformation.Training\PartReadTransformer.cs:line 48
   at Prorigo.DataMigrationTransformation.Training.Program.<>c.<<Main>b__0_0>d.MoveNext() in D:\DataMigration\Transformation\Transformation Project\Prorigo.DataMigration.Transformation\Prorigo.DataMigrationTransformation.Training\Program.cs:line 54
2024-10-03 10:59:42.067 +05:30 [Error] The given key '1B0DBEBD3B6143428F83ED23CA183F24' was not present in the dictionary.
System.Collections.Generic.KeyNotFoundException: The given key '1B0DBEBD3B6143428F83ED23CA183F24' was not present in the dictionary.
   at System.Collections.Generic.Dictionary`2.get_Item(TKey key)
   at Prorigo.DataMigrationTransformation.Training.PartReadTransformer.PartReadMeta(String transformName) in D:\DataMigration\Transformation\Transformation Project\Prorigo.DataMigration.Transformation\Prorigo.DataMigrationTransformation.Training\PartReadTransformer.cs:line 92
   at Prorigo.DataMigrationTransformation.Training.PartReadTransformer.Transform() in D:\DataMigration\Transformation\Transformation Project\Prorigo.DataMigration.Transformation\Prorigo.DataMigrationTransformation.Training\PartReadTransformer.cs:line 48
   at Prorigo.DataMigrationTransformation.Training.Program.<>c.<<Main>b__0_0>d.MoveNext() in D:\DataMigration\Transformation\Transformation Project\Prorigo.DataMigration.Transformation\Prorigo.DataMigrationTransformation.Training\Program.cs:line 54
