2024-10-17 09:59:42.866 +05:30 [Error] The process cannot access the file 'D:\Varient Management\Assignment 1\Assignment1\Feature_Option.tsv' because it is being used by another process.
System.IO.IOException: The process cannot access the file 'D:\Varient Management\Assignment 1\Assignment1\Feature_Option.tsv' because it is being used by another process.
   at System.IO.FileStream.ValidateFileHandle(SafeFileHandle fileHandle)
   at System.IO.FileStream.CreateFileOpenHandle(FileMode mode, FileShare share, FileOptions options)
   at System.IO.FileStream..ctor(String path, FileMode mode, FileAccess access, FileShare share, Int32 bufferSize, FileOptions options)
   at System.IO.StreamWriter.ValidateArgsAndOpenPath(String path, Boolean append, Encoding encoding, Int32 bufferSize)
   at System.IO.StreamWriter..ctor(String path)
   at Prorigo.DataMigrationTransformation.Training.ReCreateTSVForFeaturesOptionsTransformer.TransformFile(String fileNameWithPath) in D:\DataMigration\Transformation\Transformation Project\Prorigo.DataMigration.Transformation\Prorigo.DataMigrationTransformation.Training\ReCreateTSVForFeaturesOptionsTransformer.cs:line 114
   at Prorigo.DataMigrationTransformation.Training.ReCreateTSVForFeaturesOptionsTransformer.defaultFunction(String directoryName) in D:\DataMigration\Transformation\Transformation Project\Prorigo.DataMigration.Transformation\Prorigo.DataMigrationTransformation.Training\ReCreateTSVForFeaturesOptionsTransformer.cs:line 72
   at Prorigo.DataMigrationTransformation.Training.ReCreateTSVForFeaturesOptionsTransformer.Transform() in D:\DataMigration\Transformation\Transformation Project\Prorigo.DataMigration.Transformation\Prorigo.DataMigrationTransformation.Training\ReCreateTSVForFeaturesOptionsTransformer.cs:line 42
   at Prorigo.DataMigrationTransformation.Training.Program.<>c.<<Main>b__0_0>d.MoveNext() in D:\DataMigration\Transformation\Transformation Project\Prorigo.DataMigration.Transformation\Prorigo.DataMigrationTransformation.Training\Program.cs:line 55
2024-10-17 10:19:40.524 +05:30 [Error] The process cannot access the file 'D:\Varient Management\Assignment 1\Assignment1\Feature_Option.tsv' because it is being used by another process.
System.IO.IOException: The process cannot access the file 'D:\Varient Management\Assignment 1\Assignment1\Feature_Option.tsv' because it is being used by another process.
   at System.IO.FileStream.ValidateFileHandle(SafeFileHandle fileHandle)
   at System.IO.FileStream.CreateFileOpenHandle(FileMode mode, FileShare share, FileOptions options)
   at System.IO.FileStream..ctor(String path, FileMode mode, FileAccess access, FileShare share, Int32 bufferSize, FileOptions options)
   at System.IO.StreamWriter.ValidateArgsAndOpenPath(String path, Boolean append, Encoding encoding, Int32 bufferSize)
   at System.IO.StreamWriter..ctor(String path)
   at Prorigo.DataMigrationTransformation.Training.ReCreateTSVForFeaturesOptionsTransformer.TransformFile(String fileNameWithPath) in D:\DataMigration\Transformation\Transformation Project\Prorigo.DataMigration.Transformation\Prorigo.DataMigrationTransformation.Training\ReCreateTSVForFeaturesOptionsTransformer.cs:line 113
   at Prorigo.DataMigrationTransformation.Training.ReCreateTSVForFeaturesOptionsTransformer.defaultFunction(String directoryName) in D:\DataMigration\Transformation\Transformation Project\Prorigo.DataMigration.Transformation\Prorigo.DataMigrationTransformation.Training\ReCreateTSVForFeaturesOptionsTransformer.cs:line 72
   at Prorigo.DataMigrationTransformation.Training.ReCreateTSVForFeaturesOptionsTransformer.Transform() in D:\DataMigration\Transformation\Transformation Project\Prorigo.DataMigration.Transformation\Prorigo.DataMigrationTransformation.Training\ReCreateTSVForFeaturesOptionsTransformer.cs:line 42
   at Prorigo.DataMigrationTransformation.Training.Program.<>c.<<Main>b__0_0>d.MoveNext() in D:\DataMigration\Transformation\Transformation Project\Prorigo.DataMigration.Transformation\Prorigo.DataMigrationTransformation.Training\Program.cs:line 55
2024-10-17 10:47:16.737 +05:30 [Error] The process cannot access the file 'D:\Varient Management\Assignment 1\Feature\Feature_2024-10-17 10-47-16_0.tsv' because it is being used by another process.
System.IO.IOException: The process cannot access the file 'D:\Varient Management\Assignment 1\Feature\Feature_2024-10-17 10-47-16_0.tsv' because it is being used by another process.
   at System.IO.FileStream.ValidateFileHandle(SafeFileHandle fileHandle)
   at System.IO.FileStream.CreateFileOpenHandle(FileMode mode, FileShare share, FileOptions options)
   at System.IO.FileStream..ctor(String path, FileMode mode, FileAccess access, FileShare share, Int32 bufferSize, FileOptions options)
   at System.IO.StreamReader.ValidateArgsAndOpenPath(String path, Encoding encoding, Int32 bufferSize)
   at System.IO.StreamReader..ctor(String path, Encoding encoding)
   at System.IO.File.InternalReadAllLines(String path, Encoding encoding)
   at System.IO.File.ReadAllLines(String path)
   at Prorigo.DataMigrationTransformation.Training.ReCreateTSVForFeaturesOptionsTransformer.defaultFunction(String directoryName) in D:\DataMigration\Transformation\Transformation Project\Prorigo.DataMigration.Transformation\Prorigo.DataMigrationTransformation.Training\ReCreateTSVForFeaturesOptionsTransformer.cs:line 80
   at Prorigo.DataMigrationTransformation.Training.ReCreateTSVForFeaturesOptionsTransformer.Transform() in D:\DataMigration\Transformation\Transformation Project\Prorigo.DataMigration.Transformation\Prorigo.DataMigrationTransformation.Training\ReCreateTSVForFeaturesOptionsTransformer.cs:line 43
   at Prorigo.DataMigrationTransformation.Training.Program.<>c.<<Main>b__0_0>d.MoveNext() in D:\DataMigration\Transformation\Transformation Project\Prorigo.DataMigration.Transformation\Prorigo.DataMigrationTransformation.Training\Program.cs:line 55
2024-10-17 17:37:09.242 +05:30 [Error] Could not find a part of the path 'D:\Varient Management\Assignment 1\Feature'.
System.IO.DirectoryNotFoundException: Could not find a part of the path 'D:\Varient Management\Assignment 1\Feature'.
   at System.IO.Enumeration.FileSystemEnumerator`1.CreateDirectoryHandle(String path, Boolean ignoreNotFound)
   at System.IO.Enumeration.FileSystemEnumerator`1.Init()
   at System.IO.Enumeration.FileSystemEnumerator`1..ctor(String directory, Boolean isNormalized, EnumerationOptions options)
   at System.IO.Enumeration.FileSystemEnumerable`1..ctor(String directory, FindTransform transform, EnumerationOptions options, Boolean isNormalized)
   at System.IO.Enumeration.FileSystemEnumerableFactory.UserFiles(String directory, String expression, EnumerationOptions options)
   at System.IO.Directory.InternalEnumeratePaths(String path, String searchPattern, SearchTarget searchTarget, EnumerationOptions options)
   at System.IO.Directory.GetFiles(String path, String searchPattern)
   at Prorigo.Plm.DataMigration.IO.TypeDataFileReader.ReadAllEntities[T](String typeName, String searchPattern, Boolean loadAdditionalColumns)+MoveNext() in D:\DataMigration\Transformation\Transformation Project\Prorigo.DataMigration.Transformation\Prorigo.Plm.DataMigration.IO\TypeDataFileReader.cs:line 71
   at Prorigo.DataMigrationTransformation.Training.FeatureOptionTransformer.defaultFunction(String transformName) in D:\DataMigration\Transformation\Transformation Project\Prorigo.DataMigration.Transformation\Prorigo.DataMigrationTransformation.Training\FeatureOptionTransformer.cs:line 91
   at Prorigo.DataMigrationTransformation.Training.FeatureOptionTransformer.Transform() in D:\DataMigration\Transformation\Transformation Project\Prorigo.DataMigration.Transformation\Prorigo.DataMigrationTransformation.Training\FeatureOptionTransformer.cs:line 44
   at Prorigo.DataMigrationTransformation.Training.Program.<>c.<<Main>b__0_0>d.MoveNext() in D:\DataMigration\Transformation\Transformation Project\Prorigo.DataMigration.Transformation\Prorigo.DataMigrationTransformation.Training\Program.cs:line 55
