2025-04-16 10:09:31.757 +05:30 [Error] Index was outside the bounds of the array.
System.IndexOutOfRangeException: Index was outside the bounds of the array.
   at Prorigo.DataMigrationTransformation.OTIS.EBOMInOutExtractDataTransformer.TransformFile(String fileNameWithPath) in D:\DataMigrationProject\OTIS_Transformation_New\OTIS_Transformation\Prorigo.DataMigration.Transformation\Prorigo.DataMigrationTransformation.OTIS\EBOMInOutExtractDataTransformer.cs:line 177
   at Prorigo.DataMigrationTransformation.OTIS.EBOMInOutExtractDataTransformer.TransformExcelFiles(String directoryName) in D:\DataMigrationProject\OTIS_Transformation_New\OTIS_Transformation\Prorigo.DataMigration.Transformation\Prorigo.DataMigrationTransformation.OTIS\EBOMInOutExtractDataTransformer.cs:line 58
   at Prorigo.DataMigrationTransformation.OTIS.EBOMInOutExtractDataTransformer.Transform(String LicenseKey) in D:\DataMigrationProject\OTIS_Transformation_New\OTIS_Transformation\Prorigo.DataMigration.Transformation\Prorigo.DataMigrationTransformation.OTIS\EBOMInOutExtractDataTransformer.cs:line 41
   at Prorigo.DataMigrationTransformation.OTIS.Program.<>c.<<Main>b__0_0>d.MoveNext() in D:\DataMigrationProject\OTIS_Transformation_New\OTIS_Transformation\Prorigo.DataMigration.Transformation\Prorigo.DataMigrationTransformation.OTIS\Program.cs:line 91
2025-04-16 10:12:09.301 +05:30 [Error] Index was outside the bounds of the array.
System.IndexOutOfRangeException: Index was outside the bounds of the array.
   at Prorigo.DataMigrationTransformation.OTIS.EBOMInOutExtractDataTransformer.TransformFile(String fileNameWithPath) in D:\DataMigrationProject\OTIS_Transformation_New\OTIS_Transformation\Prorigo.DataMigration.Transformation\Prorigo.DataMigrationTransformation.OTIS\EBOMInOutExtractDataTransformer.cs:line 178
   at Prorigo.DataMigrationTransformation.OTIS.EBOMInOutExtractDataTransformer.TransformExcelFiles(String directoryName) in D:\DataMigrationProject\OTIS_Transformation_New\OTIS_Transformation\Prorigo.DataMigration.Transformation\Prorigo.DataMigrationTransformation.OTIS\EBOMInOutExtractDataTransformer.cs:line 58
   at Prorigo.DataMigrationTransformation.OTIS.EBOMInOutExtractDataTransformer.Transform(String LicenseKey) in D:\DataMigrationProject\OTIS_Transformation_New\OTIS_Transformation\Prorigo.DataMigration.Transformation\Prorigo.DataMigrationTransformation.OTIS\EBOMInOutExtractDataTransformer.cs:line 41
   at Prorigo.DataMigrationTransformation.OTIS.Program.<>c.<<Main>b__0_0>d.MoveNext() in D:\DataMigrationProject\OTIS_Transformation_New\OTIS_Transformation\Prorigo.DataMigration.Transformation\Prorigo.DataMigrationTransformation.OTIS\Program.cs:line 91
2025-04-16 10:14:08.911 +05:30 [Error] Index was outside the bounds of the array.
System.IndexOutOfRangeException: Index was outside the bounds of the array.
   at Prorigo.DataMigrationTransformation.OTIS.EBOMInOutExtractDataTransformer.TransformFile(String fileNameWithPath) in D:\DataMigrationProject\OTIS_Transformation_New\OTIS_Transformation\Prorigo.DataMigration.Transformation\Prorigo.DataMigrationTransformation.OTIS\EBOMInOutExtractDataTransformer.cs:line 178
   at Prorigo.DataMigrationTransformation.OTIS.EBOMInOutExtractDataTransformer.TransformExcelFiles(String directoryName) in D:\DataMigrationProject\OTIS_Transformation_New\OTIS_Transformation\Prorigo.DataMigration.Transformation\Prorigo.DataMigrationTransformation.OTIS\EBOMInOutExtractDataTransformer.cs:line 58
   at Prorigo.DataMigrationTransformation.OTIS.EBOMInOutExtractDataTransformer.Transform(String LicenseKey) in D:\DataMigrationProject\OTIS_Transformation_New\OTIS_Transformation\Prorigo.DataMigration.Transformation\Prorigo.DataMigrationTransformation.OTIS\EBOMInOutExtractDataTransformer.cs:line 41
   at Prorigo.DataMigrationTransformation.OTIS.Program.<>c.<<Main>b__0_0>d.MoveNext() in D:\DataMigrationProject\OTIS_Transformation_New\OTIS_Transformation\Prorigo.DataMigration.Transformation\Prorigo.DataMigrationTransformation.OTIS\Program.cs:line 91
2025-04-16 10:15:03.326 +05:30 [Error] Index was outside the bounds of the array.
System.IndexOutOfRangeException: Index was outside the bounds of the array.
   at Prorigo.DataMigrationTransformation.OTIS.EBOMInOutExtractDataTransformer.TransformFile(String fileNameWithPath) in D:\DataMigrationProject\OTIS_Transformation_New\OTIS_Transformation\Prorigo.DataMigration.Transformation\Prorigo.DataMigrationTransformation.OTIS\EBOMInOutExtractDataTransformer.cs:line 178
   at Prorigo.DataMigrationTransformation.OTIS.EBOMInOutExtractDataTransformer.TransformExcelFiles(String directoryName) in D:\DataMigrationProject\OTIS_Transformation_New\OTIS_Transformation\Prorigo.DataMigration.Transformation\Prorigo.DataMigrationTransformation.OTIS\EBOMInOutExtractDataTransformer.cs:line 58
   at Prorigo.DataMigrationTransformation.OTIS.EBOMInOutExtractDataTransformer.Transform(String LicenseKey) in D:\DataMigrationProject\OTIS_Transformation_New\OTIS_Transformation\Prorigo.DataMigration.Transformation\Prorigo.DataMigrationTransformation.OTIS\EBOMInOutExtractDataTransformer.cs:line 41
   at Prorigo.DataMigrationTransformation.OTIS.Program.<>c.<<Main>b__0_0>d.MoveNext() in D:\DataMigrationProject\OTIS_Transformation_New\OTIS_Transformation\Prorigo.DataMigration.Transformation\Prorigo.DataMigrationTransformation.OTIS\Program.cs:line 91
2025-04-16 13:15:23.519 +05:30 [Error] Column out of range
System.ArgumentException: Column out of range
   at OfficeOpenXml.ExcelRange.ValidateRowCol(Int32 Row, Int32 Col)
   at OfficeOpenXml.ExcelRange.get_Item(Int32 Row, Int32 Col)
   at Prorigo.DataMigrationTransformation.OTIS.EBOMInOutExtractDataTransformer.TransformFile(String fileNameWithPath) in D:\DataMigrationProject\OTIS_Transformation_New\OTIS_Transformation\Prorigo.DataMigration.Transformation\Prorigo.DataMigrationTransformation.OTIS\EBOMInOutExtractDataTransformer.cs:line 101
   at Prorigo.DataMigrationTransformation.OTIS.EBOMInOutExtractDataTransformer.TransformExcelFiles(String directoryName) in D:\DataMigrationProject\OTIS_Transformation_New\OTIS_Transformation\Prorigo.DataMigration.Transformation\Prorigo.DataMigrationTransformation.OTIS\EBOMInOutExtractDataTransformer.cs:line 60
   at Prorigo.DataMigrationTransformation.OTIS.EBOMInOutExtractDataTransformer.Transform(String LicenseKey) in D:\DataMigrationProject\OTIS_Transformation_New\OTIS_Transformation\Prorigo.DataMigration.Transformation\Prorigo.DataMigrationTransformation.OTIS\EBOMInOutExtractDataTransformer.cs:line 43
   at Prorigo.DataMigrationTransformation.OTIS.Program.<>c.<<Main>b__0_0>d.MoveNext() in D:\DataMigrationProject\OTIS_Transformation_New\OTIS_Transformation\Prorigo.DataMigration.Transformation\Prorigo.DataMigrationTransformation.OTIS\Program.cs:line 91
2025-04-16 15:45:24.278 +05:30 [Error] Could not find a part of the path 'D:\DataMigrationProject\OTIS_16_04\FilesMetadata\FileMetadata'.
System.IO.DirectoryNotFoundException: Could not find a part of the path 'D:\DataMigrationProject\OTIS_16_04\FilesMetadata\FileMetadata'.
   at System.IO.Enumeration.FileSystemEnumerator`1.CreateDirectoryHandle(String path, Boolean ignoreNotFound)
   at System.IO.Enumeration.FileSystemEnumerator`1.Init()
   at System.IO.Enumeration.FileSystemEnumerator`1..ctor(String directory, Boolean isNormalized, EnumerationOptions options)
   at System.IO.Enumeration.FileSystemEnumerable`1..ctor(String directory, FindTransform transform, EnumerationOptions options, Boolean isNormalized)
   at System.IO.Enumeration.FileSystemEnumerableFactory.UserFiles(String directory, String expression, EnumerationOptions options)
   at System.IO.Directory.InternalEnumeratePaths(String path, String searchPattern, SearchTarget searchTarget, EnumerationOptions options)
   at System.IO.Directory.GetFiles(String path)
   at Prorigo.Plm.DataMigration.IO.TypeDataFileReader.ReadAllEntities[T](String typeName, Boolean loadAdditionalColumns)+MoveNext() in D:\DataMigrationProject\OTIS_Transformation_New\OTIS_Transformation\Prorigo.DataMigration.Transformation\Prorigo.Plm.DataMigration.IO\TypeDataFileReader.cs:line 112
   at Prorigo.Plm.DataMigration.OtisDataTransformer.OtisParameterTransformer.DefaultValueAdder(String transformName, String classification) in D:\DataMigrationProject\OTIS_Transformation_New\OTIS_Transformation\Prorigo.DataMigration.Transformation\Prorigo.DataMigrationTransformation.OTIS\OtisParameterTransformer.cs:line 125
   at Prorigo.Plm.DataMigration.OtisDataTransformer.OtisParameterTransformer.Transform(String LicenseKey) in D:\DataMigrationProject\OTIS_Transformation_New\OTIS_Transformation\Prorigo.DataMigration.Transformation\Prorigo.DataMigrationTransformation.OTIS\OtisParameterTransformer.cs:line 58
   at Prorigo.DataMigrationTransformation.OTIS.Program.<>c.<<Main>b__0_0>d.MoveNext() in D:\DataMigrationProject\OTIS_Transformation_New\OTIS_Transformation\Prorigo.DataMigration.Transformation\Prorigo.DataMigrationTransformation.OTIS\Program.cs:line 91
2025-04-16 18:58:31.436 +05:30 [Error] The given key 'CARCORL1_TRUE' was not present in the dictionary.
System.Collections.Generic.KeyNotFoundException: The given key 'CARCORL1_TRUE' was not present in the dictionary.
   at System.Collections.Generic.Dictionary`2.get_Item(TKey key)
   at Prorigo.Plm.DataMigration.OtisDataTransformer.OtisParameterTransformer.DefaultValueAdder(String transformName, String classification) in D:\DataMigrationProject\OTIS_Transformation_New\OTIS_Transformation\Prorigo.DataMigration.Transformation\Prorigo.DataMigrationTransformation.OTIS\OtisParameterTransformer.cs:line 292
   at Prorigo.Plm.DataMigration.OtisDataTransformer.OtisParameterTransformer.Transform(String LicenseKey) in D:\DataMigrationProject\OTIS_Transformation_New\OTIS_Transformation\Prorigo.DataMigration.Transformation\Prorigo.DataMigrationTransformation.OTIS\OtisParameterTransformer.cs:line 58
   at Prorigo.DataMigrationTransformation.OTIS.Program.<>c.<<Main>b__0_0>d.MoveNext() in D:\DataMigrationProject\OTIS_Transformation_New\OTIS_Transformation\Prorigo.DataMigration.Transformation\Prorigo.DataMigrationTransformation.OTIS\Program.cs:line 91
