2024-10-24 12:46:27.454 +05:30 [Error] Object reference not set to an instance of an object.
System.NullReferenceException: Object reference not set to an instance of an object.
   at Prorigo.DataMigrationTransformation.Training.VM_RuleTransformer.defaultFunction(String transformName) in D:\DataMigration\Transformation\Transformation Project\Prorigo.DataMigration.Transformation\Prorigo.DataMigrationTransformation.Training\VM_RuleTransformer.cs:line 79
   at Prorigo.DataMigrationTransformation.Training.VM_RuleTransformer.Transform() in D:\DataMigration\Transformation\Transformation Project\Prorigo.DataMigration.Transformation\Prorigo.DataMigrationTransformation.Training\VM_RuleTransformer.cs:line 48
   at Prorigo.DataMigrationTransformation.Training.Program.<>c.<<Main>b__0_0>d.MoveNext() in D:\DataMigration\Transformation\Transformation Project\Prorigo.DataMigration.Transformation\Prorigo.DataMigrationTransformation.Training\Program.cs:line 55
2024-10-24 14:39:18.806 +05:30 [Error] Cannot open database "InnovatorSolutions" requested by the login. The login failed.
Login failed for user 'PRORIGO\gitikap'.
System.Data.SqlClient.SqlException (0x80131904): Cannot open database "InnovatorSolutions" requested by the login. The login failed.
Login failed for user 'PRORIGO\gitikap'.
   at System.Data.SqlClient.SqlInternalConnectionTds..ctor(DbConnectionPoolIdentity identity, SqlConnectionString connectionOptions, SqlCredential credential, Object providerInfo, String newPassword, SecureString newSecurePassword, Boolean redirectedUserInstance, SqlConnectionString userConnectionOptions, SessionData reconnectSessionData, Boolean applyTransientFaultHandling, String accessToken)
   at System.Data.SqlClient.SqlConnectionFactory.CreateConnection(DbConnectionOptions options, DbConnectionPoolKey poolKey, Object poolGroupProviderInfo, DbConnectionPool pool, DbConnection owningConnection, DbConnectionOptions userOptions)
   at System.Data.ProviderBase.DbConnectionFactory.CreatePooledConnection(DbConnectionPool pool, DbConnection owningObject, DbConnectionOptions options, DbConnectionPoolKey poolKey, DbConnectionOptions userOptions)
   at System.Data.ProviderBase.DbConnectionPool.CreateObject(DbConnection owningObject, DbConnectionOptions userOptions, DbConnectionInternal oldConnection)
   at System.Data.ProviderBase.DbConnectionPool.UserCreateRequest(DbConnection owningObject, DbConnectionOptions userOptions, DbConnectionInternal oldConnection)
   at System.Data.ProviderBase.DbConnectionPool.TryGetConnection(DbConnection owningObject, UInt32 waitForMultipleObjectsTimeout, Boolean allowCreate, Boolean onlyOneCheckConnection, DbConnectionOptions userOptions, DbConnectionInternal& connection)
   at System.Data.ProviderBase.DbConnectionPool.TryGetConnection(DbConnection owningObject, TaskCompletionSource`1 retry, DbConnectionOptions userOptions, DbConnectionInternal& connection)
   at System.Data.ProviderBase.DbConnectionFactory.TryGetConnection(DbConnection owningConnection, TaskCompletionSource`1 retry, DbConnectionOptions userOptions, DbConnectionInternal oldConnection, DbConnectionInternal& connection)
   at System.Data.ProviderBase.DbConnectionInternal.TryOpenConnectionInternal(DbConnection outerConnection, DbConnectionFactory connectionFactory, TaskCompletionSource`1 retry, DbConnectionOptions userOptions)
   at System.Data.ProviderBase.DbConnectionClosed.TryOpenConnection(DbConnection outerConnection, DbConnectionFactory connectionFactory, TaskCompletionSource`1 retry, DbConnectionOptions userOptions)
   at System.Data.SqlClient.SqlConnection.TryOpen(TaskCompletionSource`1 retry)
   at System.Data.SqlClient.SqlConnection.Open()
   at XMLFromStringNotation.ConvertToXML.GetFeatureId(String strFeatureName) in D:\Varient Management\Assignment 2\Variability Item\XMLFromStringNotation\ConvertToXML.cs:line 472
   at XMLFromStringNotation.ConvertToXML.GetPreWord(Int32 intLoc, String[] inPut) in D:\Varient Management\Assignment 2\Variability Item\XMLFromStringNotation\ConvertToXML.cs:line 545
   at XMLFromStringNotation.ConvertToXML.GetXML(String strInput) in D:\Varient Management\Assignment 2\Variability Item\XMLFromStringNotation\ConvertToXML.cs:line 84
   at Prorigo.DataMigrationTransformation.Training.VM_RuleTransformer.defaultFunction(String transformName) in D:\DataMigration\Transformation\Transformation Project\Prorigo.DataMigration.Transformation\Prorigo.DataMigrationTransformation.Training\VM_RuleTransformer.cs:line 96
   at Prorigo.DataMigrationTransformation.Training.VM_RuleTransformer.Transform() in D:\DataMigration\Transformation\Transformation Project\Prorigo.DataMigration.Transformation\Prorigo.DataMigrationTransformation.Training\VM_RuleTransformer.cs:line 49
   at Prorigo.DataMigrationTransformation.Training.Program.<>c.<<Main>b__0_0>d.MoveNext() in D:\DataMigration\Transformation\Transformation Project\Prorigo.DataMigration.Transformation\Prorigo.DataMigrationTransformation.Training\Program.cs:line 56
ClientConnectionId:5c085b53-e122-4e8a-b122-bad6c00c87b0
Error Number:4060,State:1,Class:11
2024-10-24 15:17:52.155 +05:30 [Error] Object reference not set to an instance of an object.
System.NullReferenceException: Object reference not set to an instance of an object.
   at XMLFromStringNotation.ConvertToXML.ProcessGroupString(XmlNode xNode, String strGroup) in D:\Varient Management\Assignment 2\Variability Item\XMLFromStringNotation\ConvertToXML.cs:line 768
   at XMLFromStringNotation.ConvertToXML.ProcessStructList() in D:\Varient Management\Assignment 2\Variability Item\XMLFromStringNotation\ConvertToXML.cs:line 120
   at XMLFromStringNotation.ConvertToXML.GetXML(String strInput) in D:\Varient Management\Assignment 2\Variability Item\XMLFromStringNotation\ConvertToXML.cs:line 96
   at Prorigo.DataMigrationTransformation.Training.VM_RuleTransformer.defaultFunction(String transformName) in D:\DataMigration\Transformation\Transformation Project\Prorigo.DataMigration.Transformation\Prorigo.DataMigrationTransformation.Training\VM_RuleTransformer.cs:line 87
   at Prorigo.DataMigrationTransformation.Training.VM_RuleTransformer.Transform() in D:\DataMigration\Transformation\Transformation Project\Prorigo.DataMigration.Transformation\Prorigo.DataMigrationTransformation.Training\VM_RuleTransformer.cs:line 50
   at Prorigo.DataMigrationTransformation.Training.Program.<>c.<<Main>b__0_0>d.MoveNext() in D:\DataMigration\Transformation\Transformation Project\Prorigo.DataMigration.Transformation\Prorigo.DataMigrationTransformation.Training\Program.cs:line 56
2024-10-24 15:30:44.497 +05:30 [Error] Object reference not set to an instance of an object.
System.NullReferenceException: Object reference not set to an instance of an object.
   at XMLFromStringNotation.ConvertToXML.ProcessGroupString(XmlNode xNode, String strGroup) in D:\Varient Management\Assignment 2\Variability Item\XMLFromStringNotation\ConvertToXML.cs:line 768
   at XMLFromStringNotation.ConvertToXML.ProcessStructList() in D:\Varient Management\Assignment 2\Variability Item\XMLFromStringNotation\ConvertToXML.cs:line 120
   at XMLFromStringNotation.ConvertToXML.GetXML(String strInput) in D:\Varient Management\Assignment 2\Variability Item\XMLFromStringNotation\ConvertToXML.cs:line 96
   at Prorigo.DataMigrationTransformation.Training.VM_RuleTransformer.defaultFunction(String transformName) in D:\DataMigration\Transformation\Transformation Project\Prorigo.DataMigration.Transformation\Prorigo.DataMigrationTransformation.Training\VM_RuleTransformer.cs:line 88
   at Prorigo.DataMigrationTransformation.Training.VM_RuleTransformer.Transform() in D:\DataMigration\Transformation\Transformation Project\Prorigo.DataMigration.Transformation\Prorigo.DataMigrationTransformation.Training\VM_RuleTransformer.cs:line 50
   at Prorigo.DataMigrationTransformation.Training.Program.<>c.<<Main>b__0_0>d.MoveNext() in D:\DataMigration\Transformation\Transformation Project\Prorigo.DataMigration.Transformation\Prorigo.DataMigrationTransformation.Training\Program.cs:line 56
2024-10-24 18:59:24.461 +05:30 [Error] Object reference not set to an instance of an object.
System.NullReferenceException: Object reference not set to an instance of an object.
   at XMLFromStringNotation.ConvertToXML.ProcessGroupString(XmlNode xNode, String strGroup) in D:\Varient Management\Assignment 2\Variability Item\XMLFromStringNotation\ConvertToXML.cs:line 768
   at XMLFromStringNotation.ConvertToXML.ProcessStructList() in D:\Varient Management\Assignment 2\Variability Item\XMLFromStringNotation\ConvertToXML.cs:line 120
   at XMLFromStringNotation.ConvertToXML.GetXML(String strInput) in D:\Varient Management\Assignment 2\Variability Item\XMLFromStringNotation\ConvertToXML.cs:line 96
   at Prorigo.DataMigrationTransformation.Training.VM_RuleTransformer.defaultFunction(String transformName) in D:\DataMigration\Transformation\Transformation Project\Prorigo.DataMigration.Transformation\Prorigo.DataMigrationTransformation.Training\VM_RuleTransformer.cs:line 87
   at Prorigo.DataMigrationTransformation.Training.VM_RuleTransformer.Transform() in D:\DataMigration\Transformation\Transformation Project\Prorigo.DataMigration.Transformation\Prorigo.DataMigrationTransformation.Training\VM_RuleTransformer.cs:line 50
   at Prorigo.DataMigrationTransformation.Training.Program.<>c.<<Main>b__0_0>d.MoveNext() in D:\DataMigration\Transformation\Transformation Project\Prorigo.DataMigration.Transformation\Prorigo.DataMigrationTransformation.Training\Program.cs:line 56
